{"contracts/ConverterV1.sol":{"l":{"22":0,"28":0,"29":0,"31":0,"32":0,"33":0,"34":0,"37":0,"39":0,"43":0,"44":0,"45":0,"46":0,"48":0,"49":0,"54":0,"55":0,"57":0,"58":0,"59":0,"60":0,"62":0},"path":"/Users/mbs/insureDAO/insuredao-dao-contracts/contracts/ConverterV1.sol","s":{"1":0,"2":0,"3":0,"4":0,"5":0,"6":0,"7":0,"8":0,"9":0,"10":0,"11":0,"12":0,"13":0,"14":0,"15":0,"16":0,"17":0,"18":0,"19":0,"20":0,"21":0,"22":0},"b":{"1":[0,0],"2":[0,0],"3":[0,0],"4":[0,0]},"f":{"1":0,"2":0,"3":0,"4":0},"fnMap":{"1":{"name":"constructor","line":21,"loc":{"start":{"line":21,"column":4},"end":{"line":23,"column":4}}},"2":{"name":"swap_exact_to_insure","line":26,"loc":{"start":{"line":26,"column":4},"end":{"line":40,"column":4}}},"3":{"name":"getAmountsIn","line":42,"loc":{"start":{"line":42,"column":4},"end":{"line":50,"column":4}}},"4":{"name":"swap_insure_to_exact","line":52,"loc":{"start":{"line":52,"column":4},"end":{"line":63,"column":4}}}},"statementMap":{"1":{"start":{"line":22,"column":8},"end":{"line":22,"column":42}},"2":{"start":{"line":28,"column":8},"end":{"line":28,"column":94}},"3":{"start":{"line":29,"column":8},"end":{"line":29,"column":77}},"4":{"start":{"line":31,"column":8},"end":{"line":31,"column":48}},"5":{"start":{"line":32,"column":8},"end":{"line":32,"column":29}},"6":{"start":{"line":33,"column":8},"end":{"line":33,"column":30}},"7":{"start":{"line":34,"column":8},"end":{"line":34,"column":38}},"8":{"start":{"line":37,"column":8},"end":{"line":37,"column":91}},"9":{"start":{"line":39,"column":8},"end":{"line":39,"column":19}},"10":{"start":{"line":43,"column":8},"end":{"line":43,"column":48}},"11":{"start":{"line":44,"column":8},"end":{"line":44,"column":38}},"12":{"start":{"line":45,"column":8},"end":{"line":45,"column":30}},"13":{"start":{"line":46,"column":8},"end":{"line":46,"column":29}},"14":{"start":{"line":48,"column":8},"end":{"line":48,"column":77}},"15":{"start":{"line":49,"column":8},"end":{"line":49,"column":27}},"16":{"start":{"line":54,"column":8},"end":{"line":54,"column":106}},"17":{"start":{"line":55,"column":8},"end":{"line":55,"column":89}},"18":{"start":{"line":57,"column":8},"end":{"line":57,"column":48}},"19":{"start":{"line":58,"column":8},"end":{"line":58,"column":38}},"20":{"start":{"line":59,"column":8},"end":{"line":59,"column":30}},"21":{"start":{"line":60,"column":8},"end":{"line":60,"column":29}},"22":{"start":{"line":62,"column":8},"end":{"line":62,"column":103}}},"branchMap":{"1":{"line":28,"type":"if","locations":[{"start":{"line":28,"column":8},"end":{"line":28,"column":8}},{"start":{"line":28,"column":8},"end":{"line":28,"column":8}}]},"2":{"line":29,"type":"if","locations":[{"start":{"line":29,"column":8},"end":{"line":29,"column":8}},{"start":{"line":29,"column":8},"end":{"line":29,"column":8}}]},"3":{"line":54,"type":"if","locations":[{"start":{"line":54,"column":8},"end":{"line":54,"column":8}},{"start":{"line":54,"column":8},"end":{"line":54,"column":8}}]},"4":{"line":55,"type":"if","locations":[{"start":{"line":55,"column":8},"end":{"line":55,"column":8}},{"start":{"line":55,"column":8},"end":{"line":55,"column":8}}]}}},"contracts/FeeDistribution/DevFeeForwarderV1.sol":{"l":{"22":0,"23":0,"24":0,"28":0,"29":0},"path":"/Users/mbs/insureDAO/insuredao-dao-contracts/contracts/FeeDistribution/DevFeeForwarderV1.sol","s":{"1":0,"2":0,"3":0,"4":0,"5":0},"b":{"1":[0,0],"2":[0,0],"3":[0,0]},"f":{"1":0},"fnMap":{"1":{"name":"distribute","line":19,"loc":{"start":{"line":19,"column":4},"end":{"line":30,"column":4}}}},"statementMap":{"1":{"start":{"line":22,"column":8},"end":{"line":22,"column":79}},"2":{"start":{"line":23,"column":8},"end":{"line":23,"column":659}},"3":{"start":{"line":24,"column":12},"end":{"line":24,"column":105}},"4":{"start":{"line":28,"column":8},"end":{"line":28,"column":61}},"5":{"start":{"line":29,"column":8},"end":{"line":29,"column":94}}},"branchMap":{"1":{"line":23,"type":"if","locations":[{"start":{"line":23,"column":8},"end":{"line":23,"column":8}},{"start":{"line":23,"column":8},"end":{"line":23,"column":8}}]},"2":{"line":24,"type":"if","locations":[{"start":{"line":24,"column":12},"end":{"line":24,"column":12}},{"start":{"line":24,"column":12},"end":{"line":24,"column":12}}]},"3":{"line":29,"type":"if","locations":[{"start":{"line":29,"column":8},"end":{"line":29,"column":8}},{"start":{"line":29,"column":8},"end":{"line":29,"column":8}}]}}},"contracts/FeeDistribution/FeeDistributorV1.sol":{"l":{"28":0,"29":0,"41":0,"42":0,"43":0,"46":0,"47":0,"49":0,"52":0,"53":0,"54":0,"57":0},"path":"/Users/mbs/insureDAO/insuredao-dao-contracts/contracts/FeeDistribution/FeeDistributorV1.sol","s":{"1":0,"2":0,"3":0,"4":0,"5":0,"6":0,"7":0,"8":0,"9":0,"10":0,"11":0,"12":0},"b":{"1":[0,0],"2":[0,0],"3":[0,0],"4":[0,0],"5":[0,0]},"f":{"1":0,"2":0},"fnMap":{"1":{"name":"constructor","line":27,"loc":{"start":{"line":27,"column":5},"end":{"line":30,"column":5}}},"2":{"name":"distribute","line":32,"loc":{"start":{"line":32,"column":5},"end":{"line":58,"column":5}}}},"statementMap":{"1":{"start":{"line":28,"column":10},"end":{"line":28,"column":37}},"2":{"start":{"line":29,"column":10},"end":{"line":29,"column":44}},"3":{"start":{"line":41,"column":10},"end":{"line":41,"column":81}},"4":{"start":{"line":42,"column":10},"end":{"line":42,"column":31}},"5":{"start":{"line":43,"column":10},"end":{"line":43,"column":103}},"6":{"start":{"line":46,"column":10},"end":{"line":46,"column":66}},"7":{"start":{"line":47,"column":10},"end":{"line":47,"column":87}},"8":{"start":{"line":49,"column":10},"end":{"line":49,"column":86}},"9":{"start":{"line":52,"column":10},"end":{"line":52,"column":77}},"10":{"start":{"line":53,"column":10},"end":{"line":53,"column":2040}},"11":{"start":{"line":54,"column":15},"end":{"line":54,"column":50}},"12":{"start":{"line":57,"column":10},"end":{"line":57,"column":21}}},"branchMap":{"1":{"line":42,"type":"if","locations":[{"start":{"line":42,"column":10},"end":{"line":42,"column":10}},{"start":{"line":42,"column":10},"end":{"line":42,"column":10}}]},"2":{"line":43,"type":"if","locations":[{"start":{"line":43,"column":10},"end":{"line":43,"column":10}},{"start":{"line":43,"column":10},"end":{"line":43,"column":10}}]},"3":{"line":47,"type":"if","locations":[{"start":{"line":47,"column":10},"end":{"line":47,"column":10}},{"start":{"line":47,"column":10},"end":{"line":47,"column":10}}]},"4":{"line":49,"type":"if","locations":[{"start":{"line":49,"column":10},"end":{"line":49,"column":10}},{"start":{"line":49,"column":10},"end":{"line":49,"column":10}}]},"5":{"line":53,"type":"if","locations":[{"start":{"line":53,"column":10},"end":{"line":53,"column":10}},{"start":{"line":53,"column":10},"end":{"line":53,"column":10}}]}}},"contracts/FeeDistribution/ReportingDistributionV1.sol":{"l":{"52":0,"53":0,"54":0,"55":0,"66":0,"67":0,"68":0,"69":0,"70":0,"71":0,"72":0,"73":0,"74":0,"75":0,"76":0,"77":0,"81":0,"85":0,"86":0,"88":0,"89":0,"90":0,"91":0,"100":0,"101":0,"103":0,"107":0,"108":0,"109":0,"110":0,"112":0,"115":0,"125":0,"127":0,"128":0,"129":0,"130":0,"132":0,"133":0,"136":0,"137":0,"138":0,"143":0,"144":0,"148":0,"149":0,"150":0,"151":0,"154":0,"164":0,"165":0,"167":0,"168":0,"179":0,"180":0,"182":0,"183":0,"185":0,"196":0,"197":0,"199":0,"207":0,"208":0,"210":0,"211":0,"221":0,"222":0,"224":0,"232":0,"234":0,"236":0},"path":"/Users/mbs/insureDAO/insuredao-dao-contracts/contracts/FeeDistribution/ReportingDistributionV1.sol","s":{"1":0,"2":0,"3":0,"4":0,"5":0,"6":0,"7":0,"8":0,"9":0,"10":0,"11":0,"12":0,"13":0,"14":0,"15":0,"16":0,"17":0,"18":0,"19":0,"20":0,"21":0,"22":0,"23":0,"24":0,"25":0,"26":0,"27":0,"28":0,"29":0,"30":0,"31":0,"32":0,"33":0,"34":0,"35":0,"36":0,"37":0,"38":0,"39":0,"40":0,"41":0,"42":0,"43":0,"44":0,"45":0,"46":0,"47":0,"48":0,"49":0,"50":0,"51":0,"52":0,"53":0,"54":0,"55":0,"56":0,"57":0,"58":0,"59":0,"60":0,"61":0,"62":0,"63":0,"64":0,"65":0,"66":0,"67":0,"68":0,"69":0},"b":{"1":[0,0],"2":[0,0],"3":[0,0],"4":[0,0],"5":[0,0],"6":[0,0],"7":[0,0],"8":[0,0],"9":[0,0],"10":[0,0],"11":[0,0],"12":[0,0],"13":[0,0],"14":[0,0],"15":[0,0],"16":[0,0],"17":[0,0],"18":[0,0],"19":[0,0],"20":[0,0],"21":[0,0],"22":[0,0],"23":[0,0]},"f":{"1":0,"2":0,"3":0,"4":0,"5":0,"6":0,"7":0,"8":0,"9":0,"10":0,"11":0,"12":0,"13":0,"14":0},"fnMap":{"1":{"name":"constructor","line":38,"loc":{"start":{"line":38,"column":4},"end":{"line":56,"column":4}}},"2":{"name":"distribute","line":59,"loc":{"start":{"line":59,"column":4},"end":{"line":82,"column":4}}},"3":{"name":"_claim","line":84,"loc":{"start":{"line":84,"column":4},"end":{"line":92,"column":4}}},"4":{"name":"claim","line":94,"loc":{"start":{"line":94,"column":4},"end":{"line":104,"column":4}}},"5":{"name":"claim_many","line":106,"loc":{"start":{"line":106,"column":4},"end":{"line":116,"column":4}}},"6":{"name":"_update_reporter","line":118,"loc":{"start":{"line":118,"column":4},"end":{"line":140,"column":4}}},"7":{"name":"update_reporter","line":142,"loc":{"start":{"line":142,"column":4},"end":{"line":145,"column":4}}},"8":{"name":"update_reporters","line":147,"loc":{"start":{"line":147,"column":4},"end":{"line":156,"column":4}}},"9":{"name":"kill_me","line":158,"loc":{"start":{"line":158,"column":4},"end":{"line":169,"column":4}}},"10":{"name":"recover_balance","line":172,"loc":{"start":{"line":172,"column":4},"end":{"line":186,"column":4}}},"11":{"name":"commit_transfer_recovery","line":188,"loc":{"start":{"line":188,"column":4},"end":{"line":200,"column":4}}},"12":{"name":"apply_transfer_recovery","line":202,"loc":{"start":{"line":202,"column":4},"end":{"line":212,"column":4}}},"13":{"name":"commit_transfer_ownership","line":214,"loc":{"start":{"line":214,"column":4},"end":{"line":225,"column":4}}},"14":{"name":"accept_transfer_ownership","line":227,"loc":{"start":{"line":227,"column":4},"end":{"line":237,"column":4}}}},"statementMap":{"1":{"start":{"line":52,"column":8},"end":{"line":52,"column":43}},"2":{"start":{"line":53,"column":8},"end":{"line":53,"column":21}},"3":{"start":{"line":54,"column":8},"end":{"line":54,"column":27}},"4":{"start":{"line":55,"column":8},"end":{"line":55,"column":21}},"5":{"start":{"line":66,"column":8},"end":{"line":66,"column":30}},"6":{"start":{"line":67,"column":8},"end":{"line":67,"column":53}},"7":{"start":{"line":68,"column":8},"end":{"line":68,"column":81}},"8":{"start":{"line":69,"column":8},"end":{"line":69,"column":2249}},"9":{"start":{"line":70,"column":12},"end":{"line":70,"column":78}},"10":{"start":{"line":71,"column":12},"end":{"line":71,"column":72}},"11":{"start":{"line":72,"column":12},"end":{"line":72,"column":2465}},"12":{"start":{"line":73,"column":16},"end":{"line":73,"column":44}},"13":{"start":{"line":74,"column":16},"end":{"line":74,"column":2576}},"14":{"start":{"line":75,"column":20},"end":{"line":75,"column":84}},"15":{"start":{"line":76,"column":20},"end":{"line":76,"column":85}},"16":{"start":{"line":77,"column":20},"end":{"line":77,"column":75}},"17":{"start":{"line":81,"column":8},"end":{"line":81,"column":56}},"18":{"start":{"line":85,"column":8},"end":{"line":85,"column":40}},"19":{"start":{"line":86,"column":8},"end":{"line":86,"column":66}},"20":{"start":{"line":88,"column":8},"end":{"line":88,"column":45}},"21":{"start":{"line":89,"column":8},"end":{"line":89,"column":31}},"22":{"start":{"line":90,"column":8},"end":{"line":90,"column":53}},"23":{"start":{"line":91,"column":8},"end":{"line":91,"column":21}},"24":{"start":{"line":100,"column":8},"end":{"line":100,"column":60}},"25":{"start":{"line":101,"column":8},"end":{"line":101,"column":38}},"26":{"start":{"line":103,"column":8},"end":{"line":103,"column":21}},"27":{"start":{"line":107,"column":8},"end":{"line":107,"column":60}},"28":{"start":{"line":108,"column":8},"end":{"line":108,"column":3788}},"29":{"start":{"line":109,"column":12},"end":{"line":109,"column":3835}},"30":{"start":{"line":112,"column":12},"end":{"line":112,"column":28}},"31":{"start":{"line":115,"column":8},"end":{"line":115,"column":19}},"32":{"start":{"line":125,"column":8},"end":{"line":125,"column":4255}},"33":{"start":{"line":127,"column":12},"end":{"line":127,"column":4355}},"34":{"start":{"line":128,"column":16},"end":{"line":128,"column":53}},"35":{"start":{"line":129,"column":16},"end":{"line":129,"column":39}},"36":{"start":{"line":130,"column":16},"end":{"line":130,"column":71}},"37":{"start":{"line":132,"column":12},"end":{"line":132,"column":34}},"38":{"start":{"line":133,"column":12},"end":{"line":133,"column":23}},"39":{"start":{"line":136,"column":12},"end":{"line":136,"column":53}},"40":{"start":{"line":137,"column":12},"end":{"line":137,"column":46}},"41":{"start":{"line":138,"column":12},"end":{"line":138,"column":23}},"42":{"start":{"line":143,"column":8},"end":{"line":143,"column":60}},"43":{"start":{"line":144,"column":8},"end":{"line":144,"column":30}},"44":{"start":{"line":148,"column":8},"end":{"line":148,"column":60}},"45":{"start":{"line":149,"column":8},"end":{"line":149,"column":5121}},"46":{"start":{"line":150,"column":12},"end":{"line":150,"column":5168}},"47":{"start":{"line":154,"column":12},"end":{"line":154,"column":38}},"48":{"start":{"line":164,"column":8},"end":{"line":164,"column":54}},"49":{"start":{"line":165,"column":8},"end":{"line":165,"column":24}},"50":{"start":{"line":167,"column":8},"end":{"line":167,"column":63}},"51":{"start":{"line":168,"column":8},"end":{"line":168,"column":47}},"52":{"start":{"line":179,"column":8},"end":{"line":179,"column":54}},"53":{"start":{"line":180,"column":8},"end":{"line":180,"column":30}},"54":{"start":{"line":182,"column":8},"end":{"line":182,"column":63}},"55":{"start":{"line":183,"column":8},"end":{"line":183,"column":47}},"56":{"start":{"line":185,"column":8},"end":{"line":185,"column":19}},"57":{"start":{"line":196,"column":8},"end":{"line":196,"column":54}},"58":{"start":{"line":197,"column":8},"end":{"line":197,"column":34}},"59":{"start":{"line":199,"column":8},"end":{"line":199,"column":44}},"60":{"start":{"line":207,"column":8},"end":{"line":207,"column":54}},"61":{"start":{"line":208,"column":8},"end":{"line":208,"column":45}},"62":{"start":{"line":210,"column":8},"end":{"line":210,"column":33}},"63":{"start":{"line":211,"column":8},"end":{"line":211,"column":36}},"64":{"start":{"line":221,"column":8},"end":{"line":221,"column":54}},"65":{"start":{"line":222,"column":8},"end":{"line":222,"column":35}},"66":{"start":{"line":224,"column":8},"end":{"line":224,"column":38}},"67":{"start":{"line":232,"column":8},"end":{"line":232,"column":68}},"68":{"start":{"line":234,"column":8},"end":{"line":234,"column":27}},"69":{"start":{"line":236,"column":8},"end":{"line":236,"column":31}}},"branchMap":{"1":{"line":66,"type":"if","locations":[{"start":{"line":66,"column":8},"end":{"line":66,"column":8}},{"start":{"line":66,"column":8},"end":{"line":66,"column":8}}]},"2":{"line":67,"type":"if","locations":[{"start":{"line":67,"column":8},"end":{"line":67,"column":8}},{"start":{"line":67,"column":8},"end":{"line":67,"column":8}}]},"3":{"line":69,"type":"if","locations":[{"start":{"line":69,"column":8},"end":{"line":69,"column":8}},{"start":{"line":69,"column":8},"end":{"line":69,"column":8}}]},"4":{"line":74,"type":"if","locations":[{"start":{"line":74,"column":16},"end":{"line":74,"column":16}},{"start":{"line":74,"column":16},"end":{"line":74,"column":16}}]},"5":{"line":85,"type":"if","locations":[{"start":{"line":85,"column":8},"end":{"line":85,"column":8}},{"start":{"line":85,"column":8},"end":{"line":85,"column":8}}]},"6":{"line":86,"type":"if","locations":[{"start":{"line":86,"column":8},"end":{"line":86,"column":8}},{"start":{"line":86,"column":8},"end":{"line":86,"column":8}}]},"7":{"line":90,"type":"if","locations":[{"start":{"line":90,"column":8},"end":{"line":90,"column":8}},{"start":{"line":90,"column":8},"end":{"line":90,"column":8}}]},"8":{"line":100,"type":"if","locations":[{"start":{"line":100,"column":8},"end":{"line":100,"column":8}},{"start":{"line":100,"column":8},"end":{"line":100,"column":8}}]},"9":{"line":107,"type":"if","locations":[{"start":{"line":107,"column":8},"end":{"line":107,"column":8}},{"start":{"line":107,"column":8},"end":{"line":107,"column":8}}]},"10":{"line":109,"type":"if","locations":[{"start":{"line":109,"column":12},"end":{"line":109,"column":12}},{"start":{"line":109,"column":12},"end":{"line":109,"column":12}}]},"11":{"line":125,"type":"if","locations":[{"start":{"line":125,"column":8},"end":{"line":125,"column":8}},{"start":{"line":125,"column":8},"end":{"line":125,"column":8}}]},"12":{"line":127,"type":"if","locations":[{"start":{"line":127,"column":12},"end":{"line":127,"column":12}},{"start":{"line":127,"column":12},"end":{"line":127,"column":12}}]},"13":{"line":143,"type":"if","locations":[{"start":{"line":143,"column":8},"end":{"line":143,"column":8}},{"start":{"line":143,"column":8},"end":{"line":143,"column":8}}]},"14":{"line":148,"type":"if","locations":[{"start":{"line":148,"column":8},"end":{"line":148,"column":8}},{"start":{"line":148,"column":8},"end":{"line":148,"column":8}}]},"15":{"line":150,"type":"if","locations":[{"start":{"line":150,"column":12},"end":{"line":150,"column":12}},{"start":{"line":150,"column":12},"end":{"line":150,"column":12}}]},"16":{"line":164,"type":"if","locations":[{"start":{"line":164,"column":8},"end":{"line":164,"column":8}},{"start":{"line":164,"column":8},"end":{"line":164,"column":8}}]},"17":{"line":179,"type":"if","locations":[{"start":{"line":179,"column":8},"end":{"line":179,"column":8}},{"start":{"line":179,"column":8},"end":{"line":179,"column":8}}]},"18":{"line":180,"type":"if","locations":[{"start":{"line":180,"column":8},"end":{"line":180,"column":8}},{"start":{"line":180,"column":8},"end":{"line":180,"column":8}}]},"19":{"line":196,"type":"if","locations":[{"start":{"line":196,"column":8},"end":{"line":196,"column":8}},{"start":{"line":196,"column":8},"end":{"line":196,"column":8}}]},"20":{"line":207,"type":"if","locations":[{"start":{"line":207,"column":8},"end":{"line":207,"column":8}},{"start":{"line":207,"column":8},"end":{"line":207,"column":8}}]},"21":{"line":208,"type":"if","locations":[{"start":{"line":208,"column":8},"end":{"line":208,"column":8}},{"start":{"line":208,"column":8},"end":{"line":208,"column":8}}]},"22":{"line":221,"type":"if","locations":[{"start":{"line":221,"column":8},"end":{"line":221,"column":8}},{"start":{"line":221,"column":8},"end":{"line":221,"column":8}}]},"23":{"line":232,"type":"if","locations":[{"start":{"line":232,"column":8},"end":{"line":232,"column":8}},{"start":{"line":232,"column":8},"end":{"line":232,"column":8}}]}}},"contracts/GaugeController.sol":{"l":{"90":498,"100":216,"101":216,"103":216,"104":216,"105":216,"106":216,"114":3,"115":2,"116":2,"123":3,"124":2,"125":2,"126":1,"127":1,"136":16,"139":16,"149":424,"150":424,"151":424,"152":279,"153":279,"154":808,"155":279,"157":529,"158":529,"159":529,"160":50,"163":279,"165":145,"176":441,"177":441,"178":441,"179":212,"180":212,"181":462,"182":212,"184":250,"185":250,"186":250,"187":241,"188":241,"189":241,"191":9,"192":9,"194":250,"195":250,"196":51,"199":212,"201":229,"211":617,"212":617,"213":617,"215":409,"217":617,"219":617,"220":933,"221":617,"223":316,"224":316,"226":617,"227":4514,"228":617,"230":3897,"231":3897,"233":3897,"234":4696,"235":3897,"237":799,"238":799,"239":799,"241":3897,"243":3897,"244":617,"247":617,"257":506,"258":506,"259":100,"260":100,"261":383,"262":100,"264":283,"265":283,"266":283,"267":282,"268":282,"269":282,"271":1,"272":1,"274":283,"275":283,"276":43,"279":100,"281":406,"292":82,"293":82,"294":82,"296":81,"297":81,"298":81,"300":81,"301":81,"303":81,"304":42,"305":42,"306":42,"308":42,"309":42,"310":42,"311":42,"313":42,"315":81,"316":37,"318":81,"320":81,"327":5,"335":478,"336":478,"348":3564,"349":3564,"351":3564,"352":160,"353":160,"354":160,"356":160,"358":3404,"373":3555,"374":0,"377":3555,"383":9,"384":0,"387":9,"388":9,"389":9,"399":64,"400":64,"401":64,"402":64,"404":64,"405":64,"406":64,"407":64,"408":64,"410":64,"419":80,"420":80,"421":80,"422":80,"423":80,"424":59,"425":59,"435":5,"436":5,"442":2,"443":2,"444":2,"445":2,"446":2,"447":2,"449":2,"450":2,"452":2,"453":2,"454":2,"456":2,"457":2,"458":2,"460":2,"469":2,"470":2,"490":25,"491":25,"492":25,"493":25,"494":25,"495":25,"496":23,"497":22,"499":20,"500":20,"502":19,"503":19,"504":19,"505":5,"507":19,"508":19,"513":19,"514":19,"517":19,"518":19,"519":19,"520":19,"525":17,"526":17,"527":17,"528":17,"530":17,"531":17,"532":17,"533":4,"534":4,"536":13,"537":13,"539":17,"541":4,"542":4,"545":17,"546":17,"548":17,"550":17,"553":17,"555":17,"564":4,"573":6,"581":4,"590":0,"594":42},"path":"/Users/mbs/insureDAO/insuredao-dao-contracts/contracts/GaugeController.sol","s":{"1":498,"2":216,"3":216,"4":216,"5":216,"6":216,"7":216,"8":3,"9":2,"10":2,"11":3,"12":2,"13":2,"14":1,"15":1,"16":16,"17":16,"18":424,"19":424,"20":424,"21":279,"22":279,"23":808,"24":529,"25":529,"26":529,"27":50,"28":279,"29":145,"30":441,"31":441,"32":441,"33":212,"34":212,"35":462,"36":250,"37":250,"38":250,"39":241,"40":241,"41":241,"42":9,"43":9,"44":250,"45":250,"46":51,"47":212,"48":229,"49":617,"50":617,"51":617,"52":409,"53":617,"54":617,"55":933,"56":316,"57":316,"58":617,"59":4514,"60":3897,"61":3897,"62":3897,"63":4696,"64":799,"65":799,"66":799,"67":3897,"68":3897,"69":617,"70":617,"71":506,"72":506,"73":100,"74":100,"75":383,"76":283,"77":283,"78":283,"79":282,"80":282,"81":282,"82":1,"83":1,"84":283,"85":283,"86":43,"87":100,"88":406,"89":82,"90":82,"91":82,"92":81,"93":81,"94":81,"95":81,"96":81,"97":81,"98":42,"99":42,"100":42,"101":42,"102":42,"103":42,"104":42,"105":42,"106":81,"107":37,"108":81,"109":81,"110":5,"111":478,"112":478,"113":3564,"114":3564,"115":3564,"116":160,"117":160,"118":160,"119":160,"120":3404,"121":3555,"122":0,"123":3555,"124":9,"125":0,"126":9,"127":9,"128":9,"129":64,"130":64,"131":64,"132":64,"133":64,"134":64,"135":64,"136":64,"137":64,"138":64,"139":80,"140":80,"141":80,"142":80,"143":80,"144":59,"145":59,"146":5,"147":5,"148":2,"149":2,"150":2,"151":2,"152":2,"153":2,"154":2,"155":2,"156":2,"157":2,"158":2,"159":2,"160":2,"161":2,"162":2,"163":2,"164":2,"165":25,"166":25,"167":25,"168":25,"169":25,"170":25,"171":23,"172":22,"173":20,"174":20,"175":19,"176":19,"177":19,"178":5,"179":19,"180":19,"181":19,"182":19,"183":19,"184":19,"185":19,"186":19,"187":17,"188":17,"189":17,"190":17,"191":17,"192":17,"193":17,"194":4,"195":4,"196":13,"197":13,"198":17,"199":4,"200":4,"201":17,"202":17,"203":17,"204":17,"205":17,"206":17,"207":4,"208":6,"209":4,"210":0,"211":42},"b":{"1":[2,1],"2":[2,1],"3":[1,1],"4":[424,0],"5":[279,145],"6":[279,529],"7":[50,479],"8":[441,0],"9":[212,229],"10":[212,250],"11":[241,9],"12":[51,199],"13":[409,208],"14":[617,316],"15":[617,3897],"16":[3897,799],"17":[617,3280],"18":[100,406],"19":[100,283],"20":[282,1],"21":[43,240],"22":[81,1],"23":[42,39],"24":[37,44],"25":[160,3404],"26":[0,3555],"27":[0,9],"28":[59,21],"29":[23,2],"30":[22,1],"31":[20,2],"32":[19,1],"33":[5,14],"34":[17,2],"35":[4,13],"36":[4,13]},"f":{"1":498,"2":216,"3":3,"4":3,"5":16,"6":424,"7":441,"8":617,"9":506,"10":82,"11":5,"12":478,"13":3564,"14":3555,"15":9,"16":64,"17":80,"18":5,"19":2,"20":2,"21":25,"22":4,"23":6,"24":4,"25":0,"26":42},"fnMap":{"1":{"name":"get_voting_escrow","line":89,"loc":{"start":{"line":89,"column":4},"end":{"line":91,"column":4}}},"2":{"name":"constructor","line":94,"loc":{"start":{"line":94,"column":4},"end":{"line":107,"column":4}}},"3":{"name":"commit_transfer_ownership","line":109,"loc":{"start":{"line":109,"column":4},"end":{"line":117,"column":4}}},"4":{"name":"apply_transfer_ownership","line":119,"loc":{"start":{"line":119,"column":4},"end":{"line":128,"column":4}}},"5":{"name":"gauge_types","line":130,"loc":{"start":{"line":130,"column":4},"end":{"line":140,"column":4}}},"6":{"name":"_get_type_weight","line":142,"loc":{"start":{"line":142,"column":4},"end":{"line":167,"column":4}}},"7":{"name":"_get_sum","line":169,"loc":{"start":{"line":169,"column":4},"end":{"line":203,"column":4}}},"8":{"name":"_get_total","line":205,"loc":{"start":{"line":205,"column":4},"end":{"line":248,"column":4}}},"9":{"name":"_get_weight","line":250,"loc":{"start":{"line":250,"column":4},"end":{"line":283,"column":4}}},"10":{"name":"add_gauge","line":285,"loc":{"start":{"line":285,"column":4},"end":{"line":321,"column":4}}},"11":{"name":"checkpoint","line":323,"loc":{"start":{"line":323,"column":4},"end":{"line":328,"column":4}}},"12":{"name":"checkpoint_gauge","line":330,"loc":{"start":{"line":330,"column":4},"end":{"line":337,"column":4}}},"13":{"name":"_gauge_relative_weight","line":339,"loc":{"start":{"line":339,"column":4},"end":{"line":360,"column":4}}},"14":{"name":"gauge_relative_weight","line":362,"loc":{"start":{"line":362,"column":4},"end":{"line":378,"column":4}}},"15":{"name":"gauge_relative_weight_write","line":380,"loc":{"start":{"line":380,"column":4},"end":{"line":390,"column":4}}},"16":{"name":"_change_type_weight","line":392,"loc":{"start":{"line":392,"column":4},"end":{"line":411,"column":4}}},"17":{"name":"add_type","line":413,"loc":{"start":{"line":413,"column":4},"end":{"line":427,"column":4}}},"18":{"name":"change_type_weight","line":429,"loc":{"start":{"line":429,"column":4},"end":{"line":437,"column":4}}},"19":{"name":"_change_gauge_weight","line":439,"loc":{"start":{"line":439,"column":4},"end":{"line":461,"column":4}}},"20":{"name":"change_gauge_weight","line":463,"loc":{"start":{"line":463,"column":4},"end":{"line":471,"column":4}}},"21":{"name":"vote_for_gauge_weights","line":483,"loc":{"start":{"line":483,"column":4},"end":{"line":556,"column":4}}},"22":{"name":"get_gauge_weight","line":558,"loc":{"start":{"line":558,"column":4},"end":{"line":565,"column":4}}},"23":{"name":"get_type_weight","line":567,"loc":{"start":{"line":567,"column":4},"end":{"line":574,"column":4}}},"24":{"name":"get_total_weight","line":576,"loc":{"start":{"line":576,"column":4},"end":{"line":582,"column":4}}},"25":{"name":"get_weights_sum_per_type","line":584,"loc":{"start":{"line":584,"column":4},"end":{"line":591,"column":4}}},"26":{"name":"max","line":593,"loc":{"start":{"line":593,"column":4},"end":{"line":595,"column":4}}}},"statementMap":{"1":{"start":{"line":90,"column":8},"end":{"line":90,"column":37}},"2":{"start":{"line":100,"column":8},"end":{"line":100,"column":36}},"3":{"start":{"line":101,"column":8},"end":{"line":101,"column":44}},"4":{"start":{"line":103,"column":8},"end":{"line":103,"column":25}},"5":{"start":{"line":104,"column":8},"end":{"line":104,"column":34}},"6":{"start":{"line":105,"column":8},"end":{"line":105,"column":51}},"7":{"start":{"line":106,"column":8},"end":{"line":106,"column":55}},"8":{"start":{"line":114,"column":8},"end":{"line":114,"column":55}},"9":{"start":{"line":115,"column":8},"end":{"line":115,"column":26}},"10":{"start":{"line":116,"column":8},"end":{"line":116,"column":34}},"11":{"start":{"line":123,"column":8},"end":{"line":123,"column":55}},"12":{"start":{"line":124,"column":8},"end":{"line":124,"column":37}},"13":{"start":{"line":125,"column":8},"end":{"line":125,"column":59}},"14":{"start":{"line":126,"column":8},"end":{"line":126,"column":21}},"15":{"start":{"line":127,"column":8},"end":{"line":127,"column":35}},"16":{"start":{"line":136,"column":8},"end":{"line":136,"column":48}},"17":{"start":{"line":139,"column":8},"end":{"line":139,"column":25}},"18":{"start":{"line":149,"column":8},"end":{"line":149,"column":40}},"19":{"start":{"line":150,"column":8},"end":{"line":150,"column":48}},"20":{"start":{"line":151,"column":8},"end":{"line":151,"column":5707}},"21":{"start":{"line":152,"column":12},"end":{"line":152,"column":57}},"22":{"start":{"line":153,"column":12},"end":{"line":153,"column":5793}},"23":{"start":{"line":154,"column":16},"end":{"line":154,"column":5843}},"24":{"start":{"line":157,"column":16},"end":{"line":157,"column":30}},"25":{"start":{"line":158,"column":16},"end":{"line":158,"column":52}},"26":{"start":{"line":159,"column":16},"end":{"line":159,"column":6017}},"27":{"start":{"line":160,"column":20},"end":{"line":160,"column":51}},"28":{"start":{"line":163,"column":12},"end":{"line":163,"column":20}},"29":{"start":{"line":165,"column":12},"end":{"line":165,"column":20}},"30":{"start":{"line":176,"column":8},"end":{"line":176,"column":40}},"31":{"start":{"line":177,"column":8},"end":{"line":177,"column":40}},"32":{"start":{"line":178,"column":8},"end":{"line":178,"column":6606}},"33":{"start":{"line":179,"column":12},"end":{"line":179,"column":55}},"34":{"start":{"line":180,"column":12},"end":{"line":180,"column":6691}},"35":{"start":{"line":181,"column":16},"end":{"line":181,"column":6739}},"36":{"start":{"line":184,"column":16},"end":{"line":184,"column":30}},"37":{"start":{"line":185,"column":16},"end":{"line":185,"column":51}},"38":{"start":{"line":186,"column":16},"end":{"line":186,"column":6912}},"39":{"start":{"line":187,"column":20},"end":{"line":187,"column":48}},"40":{"start":{"line":188,"column":20},"end":{"line":188,"column":64}},"41":{"start":{"line":189,"column":20},"end":{"line":189,"column":51}},"42":{"start":{"line":191,"column":20},"end":{"line":191,"column":30}},"43":{"start":{"line":192,"column":20},"end":{"line":192,"column":31}},"44":{"start":{"line":194,"column":16},"end":{"line":194,"column":45}},"45":{"start":{"line":195,"column":16},"end":{"line":195,"column":7278}},"46":{"start":{"line":196,"column":20},"end":{"line":196,"column":43}},"47":{"start":{"line":199,"column":12},"end":{"line":199,"column":26}},"48":{"start":{"line":201,"column":12},"end":{"line":201,"column":20}},"49":{"start":{"line":211,"column":8},"end":{"line":211,"column":30}},"50":{"start":{"line":212,"column":8},"end":{"line":212,"column":46}},"51":{"start":{"line":213,"column":8},"end":{"line":213,"column":7788}},"52":{"start":{"line":215,"column":12},"end":{"line":215,"column":26}},"53":{"start":{"line":217,"column":8},"end":{"line":217,"column":36}},"54":{"start":{"line":219,"column":8},"end":{"line":219,"column":7980}},"55":{"start":{"line":220,"column":12},"end":{"line":220,"column":8058}},"56":{"start":{"line":223,"column":12},"end":{"line":223,"column":31}},"57":{"start":{"line":224,"column":12},"end":{"line":224,"column":39}},"58":{"start":{"line":226,"column":8},"end":{"line":226,"column":8219}},"59":{"start":{"line":227,"column":12},"end":{"line":227,"column":8261}},"60":{"start":{"line":230,"column":12},"end":{"line":230,"column":26}},"61":{"start":{"line":231,"column":12},"end":{"line":231,"column":17}},"62":{"start":{"line":233,"column":12},"end":{"line":233,"column":8459}},"63":{"start":{"line":234,"column":16},"end":{"line":234,"column":8537}},"64":{"start":{"line":237,"column":16},"end":{"line":237,"column":65}},"65":{"start":{"line":238,"column":16},"end":{"line":238,"column":71}},"66":{"start":{"line":239,"column":16},"end":{"line":239,"column":53}},"67":{"start":{"line":241,"column":12},"end":{"line":241,"column":31}},"68":{"start":{"line":243,"column":12},"end":{"line":243,"column":8871}},"69":{"start":{"line":244,"column":16},"end":{"line":244,"column":29}},"70":{"start":{"line":247,"column":8},"end":{"line":247,"column":17}},"71":{"start":{"line":257,"column":8},"end":{"line":257,"column":43}},"72":{"start":{"line":258,"column":8},"end":{"line":258,"column":9338}},"73":{"start":{"line":259,"column":12},"end":{"line":259,"column":58}},"74":{"start":{"line":260,"column":12},"end":{"line":260,"column":9426}},"75":{"start":{"line":261,"column":16},"end":{"line":261,"column":9481}},"76":{"start":{"line":264,"column":16},"end":{"line":264,"column":30}},"77":{"start":{"line":265,"column":16},"end":{"line":265,"column":51}},"78":{"start":{"line":266,"column":16},"end":{"line":266,"column":9654}},"79":{"start":{"line":267,"column":20},"end":{"line":267,"column":48}},"80":{"start":{"line":268,"column":20},"end":{"line":268,"column":67}},"81":{"start":{"line":269,"column":20},"end":{"line":269,"column":51}},"82":{"start":{"line":271,"column":20},"end":{"line":271,"column":30}},"83":{"start":{"line":272,"column":20},"end":{"line":272,"column":31}},"84":{"start":{"line":274,"column":16},"end":{"line":274,"column":48}},"85":{"start":{"line":275,"column":16},"end":{"line":275,"column":10026}},"86":{"start":{"line":276,"column":20},"end":{"line":276,"column":46}},"87":{"start":{"line":279,"column":12},"end":{"line":279,"column":26}},"88":{"start":{"line":281,"column":12},"end":{"line":281,"column":20}},"89":{"start":{"line":292,"column":8},"end":{"line":292,"column":35}},"90":{"start":{"line":293,"column":8},"end":{"line":293,"column":65}},"91":{"start":{"line":294,"column":8},"end":{"line":294,"column":80}},"92":{"start":{"line":296,"column":8},"end":{"line":296,"column":28}},"93":{"start":{"line":297,"column":8},"end":{"line":297,"column":26}},"94":{"start":{"line":298,"column":8},"end":{"line":298,"column":23}},"95":{"start":{"line":300,"column":8},"end":{"line":300,"column":38}},"96":{"start":{"line":301,"column":8},"end":{"line":301,"column":75}},"97":{"start":{"line":303,"column":8},"end":{"line":303,"column":11001}},"98":{"start":{"line":304,"column":12},"end":{"line":304,"column":63}},"99":{"start":{"line":305,"column":12},"end":{"line":305,"column":51}},"100":{"start":{"line":306,"column":12},"end":{"line":306,"column":45}},"101":{"start":{"line":308,"column":12},"end":{"line":308,"column":72}},"102":{"start":{"line":309,"column":12},"end":{"line":309,"column":43}},"103":{"start":{"line":310,"column":12},"end":{"line":310,"column":77}},"104":{"start":{"line":311,"column":12},"end":{"line":311,"column":33}},"105":{"start":{"line":313,"column":12},"end":{"line":313,"column":55}},"106":{"start":{"line":315,"column":8},"end":{"line":315,"column":11498}},"107":{"start":{"line":316,"column":12},"end":{"line":316,"column":43}},"108":{"start":{"line":318,"column":8},"end":{"line":318,"column":36}},"109":{"start":{"line":320,"column":8},"end":{"line":320,"column":47}},"110":{"start":{"line":327,"column":8},"end":{"line":327,"column":19}},"111":{"start":{"line":335,"column":8},"end":{"line":335,"column":24}},"112":{"start":{"line":336,"column":8},"end":{"line":336,"column":19}},"113":{"start":{"line":348,"column":8},"end":{"line":348,"column":44}},"114":{"start":{"line":349,"column":8},"end":{"line":349,"column":47}},"115":{"start":{"line":351,"column":8},"end":{"line":351,"column":12718}},"116":{"start":{"line":352,"column":12},"end":{"line":352,"column":51}},"117":{"start":{"line":353,"column":12},"end":{"line":353,"column":68}},"118":{"start":{"line":354,"column":12},"end":{"line":354,"column":63}},"119":{"start":{"line":356,"column":12},"end":{"line":356,"column":85}},"120":{"start":{"line":358,"column":12},"end":{"line":358,"column":20}},"121":{"start":{"line":373,"column":8},"end":{"line":373,"column":13623}},"122":{"start":{"line":374,"column":12},"end":{"line":374,"column":33}},"123":{"start":{"line":377,"column":8},"end":{"line":377,"column":49}},"124":{"start":{"line":383,"column":8},"end":{"line":383,"column":13871}},"125":{"start":{"line":384,"column":12},"end":{"line":384,"column":33}},"126":{"start":{"line":387,"column":8},"end":{"line":387,"column":24}},"127":{"start":{"line":388,"column":8},"end":{"line":388,"column":19}},"128":{"start":{"line":389,"column":8},"end":{"line":389,"column":49}},"129":{"start":{"line":399,"column":8},"end":{"line":399,"column":54}},"130":{"start":{"line":400,"column":8},"end":{"line":400,"column":43}},"131":{"start":{"line":401,"column":8},"end":{"line":401,"column":44}},"132":{"start":{"line":402,"column":8},"end":{"line":402,"column":73}},"133":{"start":{"line":404,"column":8},"end":{"line":404,"column":90}},"134":{"start":{"line":405,"column":8},"end":{"line":405,"column":46}},"135":{"start":{"line":406,"column":8},"end":{"line":406,"column":54}},"136":{"start":{"line":407,"column":8},"end":{"line":407,"column":29}},"137":{"start":{"line":408,"column":8},"end":{"line":408,"column":44}},"138":{"start":{"line":410,"column":8},"end":{"line":410,"column":69}},"139":{"start":{"line":419,"column":8},"end":{"line":419,"column":34}},"140":{"start":{"line":420,"column":8},"end":{"line":420,"column":39}},"141":{"start":{"line":421,"column":8},"end":{"line":421,"column":40}},"142":{"start":{"line":422,"column":8},"end":{"line":422,"column":37}},"143":{"start":{"line":423,"column":8},"end":{"line":423,"column":15347}},"144":{"start":{"line":424,"column":12},"end":{"line":424,"column":47}},"145":{"start":{"line":425,"column":12},"end":{"line":425,"column":40}},"146":{"start":{"line":435,"column":8},"end":{"line":435,"column":35}},"147":{"start":{"line":436,"column":8},"end":{"line":436,"column":43}},"148":{"start":{"line":442,"column":8},"end":{"line":442,"column":47}},"149":{"start":{"line":443,"column":8},"end":{"line":443,"column":52}},"150":{"start":{"line":444,"column":8},"end":{"line":444,"column":58}},"151":{"start":{"line":445,"column":8},"end":{"line":445,"column":46}},"152":{"start":{"line":446,"column":8},"end":{"line":446,"column":44}},"153":{"start":{"line":447,"column":8},"end":{"line":447,"column":73}},"154":{"start":{"line":449,"column":8},"end":{"line":449,"column":51}},"155":{"start":{"line":450,"column":8},"end":{"line":450,"column":36}},"156":{"start":{"line":452,"column":8},"end":{"line":452,"column":67}},"157":{"start":{"line":453,"column":8},"end":{"line":453,"column":55}},"158":{"start":{"line":454,"column":8},"end":{"line":454,"column":39}},"159":{"start":{"line":456,"column":8},"end":{"line":456,"column":96}},"160":{"start":{"line":457,"column":8},"end":{"line":457,"column":46}},"161":{"start":{"line":458,"column":8},"end":{"line":458,"column":29}},"162":{"start":{"line":460,"column":8},"end":{"line":460,"column":73}},"163":{"start":{"line":469,"column":8},"end":{"line":469,"column":35}},"164":{"start":{"line":470,"column":8},"end":{"line":470,"column":41}},"165":{"start":{"line":490,"column":8},"end":{"line":490,"column":33}},"166":{"start":{"line":491,"column":8},"end":{"line":491,"column":72}},"167":{"start":{"line":492,"column":8},"end":{"line":492,"column":58}},"168":{"start":{"line":493,"column":8},"end":{"line":493,"column":30}},"169":{"start":{"line":494,"column":8},"end":{"line":494,"column":67}},"170":{"start":{"line":495,"column":8},"end":{"line":495,"column":79}},"171":{"start":{"line":496,"column":8},"end":{"line":496,"column":97}},"172":{"start":{"line":497,"column":8},"end":{"line":497,"column":122}},"173":{"start":{"line":499,"column":8},"end":{"line":499,"column":48}},"174":{"start":{"line":500,"column":8},"end":{"line":500,"column":54}},"175":{"start":{"line":502,"column":8},"end":{"line":502,"column":79}},"176":{"start":{"line":503,"column":8},"end":{"line":503,"column":20}},"177":{"start":{"line":504,"column":8},"end":{"line":504,"column":18622}},"178":{"start":{"line":505,"column":12},"end":{"line":505,"column":54}},"179":{"start":{"line":507,"column":8},"end":{"line":507,"column":51}},"180":{"start":{"line":508,"column":8},"end":{"line":508,"column":18788}},"181":{"start":{"line":513,"column":8},"end":{"line":513,"column":54}},"182":{"start":{"line":514,"column":8},"end":{"line":514,"column":54}},"183":{"start":{"line":517,"column":8},"end":{"line":517,"column":56}},"184":{"start":{"line":518,"column":8},"end":{"line":518,"column":72}},"185":{"start":{"line":519,"column":8},"end":{"line":519,"column":47}},"186":{"start":{"line":520,"column":8},"end":{"line":520,"column":83}},"187":{"start":{"line":525,"column":8},"end":{"line":525,"column":58}},"188":{"start":{"line":526,"column":8},"end":{"line":526,"column":81}},"189":{"start":{"line":527,"column":8},"end":{"line":527,"column":54}},"190":{"start":{"line":528,"column":8},"end":{"line":528,"column":77}},"191":{"start":{"line":530,"column":8},"end":{"line":530,"column":119}},"192":{"start":{"line":531,"column":8},"end":{"line":531,"column":115}},"193":{"start":{"line":532,"column":8},"end":{"line":532,"column":20113}},"194":{"start":{"line":533,"column":12},"end":{"line":533,"column":140}},"195":{"start":{"line":534,"column":12},"end":{"line":534,"column":136}},"196":{"start":{"line":536,"column":12},"end":{"line":536,"column":127}},"197":{"start":{"line":537,"column":12},"end":{"line":537,"column":125}},"198":{"start":{"line":539,"column":8},"end":{"line":539,"column":20721}},"199":{"start":{"line":541,"column":12},"end":{"line":541,"column":119}},"200":{"start":{"line":542,"column":12},"end":{"line":542,"column":117}},"201":{"start":{"line":545,"column":8},"end":{"line":545,"column":115}},"202":{"start":{"line":546,"column":8},"end":{"line":546,"column":113}},"203":{"start":{"line":548,"column":8},"end":{"line":548,"column":19}},"204":{"start":{"line":550,"column":8},"end":{"line":550,"column":60}},"205":{"start":{"line":553,"column":8},"end":{"line":553,"column":64}},"206":{"start":{"line":555,"column":8},"end":{"line":555,"column":81}},"207":{"start":{"line":564,"column":8},"end":{"line":564,"column":58}},"208":{"start":{"line":573,"column":8},"end":{"line":573,"column":69}},"209":{"start":{"line":581,"column":8},"end":{"line":581,"column":39}},"210":{"start":{"line":590,"column":8},"end":{"line":590,"column":58}},"211":{"start":{"line":594,"column":8},"end":{"line":594,"column":29}}},"branchMap":{"1":{"line":114,"type":"if","locations":[{"start":{"line":114,"column":8},"end":{"line":114,"column":8}},{"start":{"line":114,"column":8},"end":{"line":114,"column":8}}]},"2":{"line":123,"type":"if","locations":[{"start":{"line":123,"column":8},"end":{"line":123,"column":8}},{"start":{"line":123,"column":8},"end":{"line":123,"column":8}}]},"3":{"line":125,"type":"if","locations":[{"start":{"line":125,"column":8},"end":{"line":125,"column":8}},{"start":{"line":125,"column":8},"end":{"line":125,"column":8}}]},"4":{"line":149,"type":"if","locations":[{"start":{"line":149,"column":8},"end":{"line":149,"column":8}},{"start":{"line":149,"column":8},"end":{"line":149,"column":8}}]},"5":{"line":151,"type":"if","locations":[{"start":{"line":151,"column":8},"end":{"line":151,"column":8}},{"start":{"line":151,"column":8},"end":{"line":151,"column":8}}]},"6":{"line":154,"type":"if","locations":[{"start":{"line":154,"column":16},"end":{"line":154,"column":16}},{"start":{"line":154,"column":16},"end":{"line":154,"column":16}}]},"7":{"line":159,"type":"if","locations":[{"start":{"line":159,"column":16},"end":{"line":159,"column":16}},{"start":{"line":159,"column":16},"end":{"line":159,"column":16}}]},"8":{"line":176,"type":"if","locations":[{"start":{"line":176,"column":8},"end":{"line":176,"column":8}},{"start":{"line":176,"column":8},"end":{"line":176,"column":8}}]},"9":{"line":178,"type":"if","locations":[{"start":{"line":178,"column":8},"end":{"line":178,"column":8}},{"start":{"line":178,"column":8},"end":{"line":178,"column":8}}]},"10":{"line":181,"type":"if","locations":[{"start":{"line":181,"column":16},"end":{"line":181,"column":16}},{"start":{"line":181,"column":16},"end":{"line":181,"column":16}}]},"11":{"line":186,"type":"if","locations":[{"start":{"line":186,"column":16},"end":{"line":186,"column":16}},{"start":{"line":186,"column":16},"end":{"line":186,"column":16}}]},"12":{"line":195,"type":"if","locations":[{"start":{"line":195,"column":16},"end":{"line":195,"column":16}},{"start":{"line":195,"column":16},"end":{"line":195,"column":16}}]},"13":{"line":213,"type":"if","locations":[{"start":{"line":213,"column":8},"end":{"line":213,"column":8}},{"start":{"line":213,"column":8},"end":{"line":213,"column":8}}]},"14":{"line":220,"type":"if","locations":[{"start":{"line":220,"column":12},"end":{"line":220,"column":12}},{"start":{"line":220,"column":12},"end":{"line":220,"column":12}}]},"15":{"line":227,"type":"if","locations":[{"start":{"line":227,"column":12},"end":{"line":227,"column":12}},{"start":{"line":227,"column":12},"end":{"line":227,"column":12}}]},"16":{"line":234,"type":"if","locations":[{"start":{"line":234,"column":16},"end":{"line":234,"column":16}},{"start":{"line":234,"column":16},"end":{"line":234,"column":16}}]},"17":{"line":243,"type":"if","locations":[{"start":{"line":243,"column":12},"end":{"line":243,"column":12}},{"start":{"line":243,"column":12},"end":{"line":243,"column":12}}]},"18":{"line":258,"type":"if","locations":[{"start":{"line":258,"column":8},"end":{"line":258,"column":8}},{"start":{"line":258,"column":8},"end":{"line":258,"column":8}}]},"19":{"line":261,"type":"if","locations":[{"start":{"line":261,"column":16},"end":{"line":261,"column":16}},{"start":{"line":261,"column":16},"end":{"line":261,"column":16}}]},"20":{"line":266,"type":"if","locations":[{"start":{"line":266,"column":16},"end":{"line":266,"column":16}},{"start":{"line":266,"column":16},"end":{"line":266,"column":16}}]},"21":{"line":275,"type":"if","locations":[{"start":{"line":275,"column":16},"end":{"line":275,"column":16}},{"start":{"line":275,"column":16},"end":{"line":275,"column":16}}]},"22":{"line":294,"type":"if","locations":[{"start":{"line":294,"column":8},"end":{"line":294,"column":8}},{"start":{"line":294,"column":8},"end":{"line":294,"column":8}}]},"23":{"line":303,"type":"if","locations":[{"start":{"line":303,"column":8},"end":{"line":303,"column":8}},{"start":{"line":303,"column":8},"end":{"line":303,"column":8}}]},"24":{"line":315,"type":"if","locations":[{"start":{"line":315,"column":8},"end":{"line":315,"column":8}},{"start":{"line":315,"column":8},"end":{"line":315,"column":8}}]},"25":{"line":351,"type":"if","locations":[{"start":{"line":351,"column":8},"end":{"line":351,"column":8}},{"start":{"line":351,"column":8},"end":{"line":351,"column":8}}]},"26":{"line":373,"type":"if","locations":[{"start":{"line":373,"column":8},"end":{"line":373,"column":8}},{"start":{"line":373,"column":8},"end":{"line":373,"column":8}}]},"27":{"line":383,"type":"if","locations":[{"start":{"line":383,"column":8},"end":{"line":383,"column":8}},{"start":{"line":383,"column":8},"end":{"line":383,"column":8}}]},"28":{"line":423,"type":"if","locations":[{"start":{"line":423,"column":8},"end":{"line":423,"column":8}},{"start":{"line":423,"column":8},"end":{"line":423,"column":8}}]},"29":{"line":495,"type":"if","locations":[{"start":{"line":495,"column":8},"end":{"line":495,"column":8}},{"start":{"line":495,"column":8},"end":{"line":495,"column":8}}]},"30":{"line":496,"type":"if","locations":[{"start":{"line":496,"column":8},"end":{"line":496,"column":8}},{"start":{"line":496,"column":8},"end":{"line":496,"column":8}}]},"31":{"line":497,"type":"if","locations":[{"start":{"line":497,"column":8},"end":{"line":497,"column":8}},{"start":{"line":497,"column":8},"end":{"line":497,"column":8}}]},"32":{"line":500,"type":"if","locations":[{"start":{"line":500,"column":8},"end":{"line":500,"column":8}},{"start":{"line":500,"column":8},"end":{"line":500,"column":8}}]},"33":{"line":504,"type":"if","locations":[{"start":{"line":504,"column":8},"end":{"line":504,"column":8}},{"start":{"line":504,"column":8},"end":{"line":504,"column":8}}]},"34":{"line":520,"type":"if","locations":[{"start":{"line":520,"column":8},"end":{"line":520,"column":8}},{"start":{"line":520,"column":8},"end":{"line":520,"column":8}}]},"35":{"line":532,"type":"if","locations":[{"start":{"line":532,"column":8},"end":{"line":532,"column":8}},{"start":{"line":532,"column":8},"end":{"line":532,"column":8}}]},"36":{"line":539,"type":"if","locations":[{"start":{"line":539,"column":8},"end":{"line":539,"column":8}},{"start":{"line":539,"column":8},"end":{"line":539,"column":8}}]}}},"contracts/InsureToken.sol":{"l":{"77":417,"78":417,"79":417,"80":417,"81":417,"82":417,"83":417,"84":417,"86":417,"87":417,"88":417,"89":417,"93":848,"97":0,"105":125,"106":125,"108":125,"109":125,"111":125,"112":67,"114":58,"115":58,"116":58,"118":125,"119":125,"128":74,"129":72,"138":3,"139":3,"140":1,"141":1,"143":2,"154":848,"155":848,"156":52,"157":52,"159":796,"164":139,"171":59,"181":4,"182":4,"183":4,"184":4,"187":4,"188":2,"189":2,"192":4,"194":3,"195":4,"196":4,"197":4,"198":1,"200":4,"201":4,"202":0,"204":1,"206":4,"208":4,"209":3,"212":1,"213":1,"214":1,"216":3,"220":0,"221":0,"223":0,"232":46,"233":45,"234":45,"235":45,"244":2,"245":1,"246":1,"253":86,"263":0,"275":2,"276":2,"277":2,"278":2,"279":2,"290":17,"291":17,"293":17,"294":17,"295":17,"296":17,"297":17,"310":18,"311":18,"312":18,"313":18,"324":82,"325":81,"327":80,"329":69,"333":80,"334":0,"336":80,"338":80,"339":69,"341":69,"342":69,"352":4,"355":3,"356":3,"358":3,"359":3,"369":2,"370":1,"371":1,"381":0,"384":0,"387":0,"388":0,"390":0,"391":0,"392":0,"395":0,"396":0,"400":0,"401":0,"402":0,"406":0,"407":0,"411":0,"412":0,"413":0},"path":"/Users/mbs/insureDAO/insuredao-dao-contracts/contracts/InsureToken.sol","s":{"1":417,"2":417,"3":417,"4":417,"5":417,"6":417,"7":417,"8":417,"9":417,"10":417,"11":417,"12":417,"13":848,"14":0,"15":125,"16":125,"17":125,"18":125,"19":125,"20":67,"21":58,"22":58,"23":58,"24":125,"25":125,"26":74,"27":72,"28":3,"29":3,"30":1,"31":1,"32":2,"33":848,"34":848,"35":52,"36":52,"37":796,"38":139,"39":59,"40":4,"41":4,"42":4,"43":4,"44":4,"45":2,"46":2,"47":4,"48":3,"49":4,"50":4,"51":4,"52":1,"53":4,"54":4,"55":4,"56":1,"57":4,"58":4,"59":1,"60":1,"61":1,"62":3,"63":0,"64":0,"65":0,"66":46,"67":45,"68":45,"69":45,"70":2,"71":1,"72":1,"73":86,"74":0,"75":2,"76":2,"77":2,"78":2,"79":2,"80":17,"81":17,"82":17,"83":17,"84":17,"85":17,"86":17,"87":18,"88":18,"89":18,"90":18,"91":82,"92":81,"93":80,"94":69,"95":80,"96":0,"97":80,"98":80,"99":69,"100":69,"101":69,"102":4,"103":3,"104":3,"105":3,"106":3,"107":2,"108":1,"109":1,"110":0,"111":0,"112":0,"113":0,"114":0,"115":0,"116":0,"117":0,"118":0,"119":0,"120":0,"121":0,"122":0,"123":0,"124":0,"125":0,"126":0},"b":{"1":[67,58],"2":[72,2],"3":[1,2],"4":[52,796],"5":[4,0],"6":[2,2],"7":[3,1],"8":[4,0],"9":[1,3],"10":[0,4],"11":[1,3],"12":[3,1],"13":[0,0],"14":[45,1],"15":[45,0],"16":[1,1],"17":[2,0],"18":[17,0],"19":[17,0],"20":[81,1],"21":[80,1],"22":[0,80],"23":[69,11],"24":[3,1],"25":[1,1],"26":[0,0],"27":[0,0]},"f":{"1":417,"2":848,"3":0,"4":125,"5":74,"6":3,"7":848,"8":139,"9":59,"10":4,"11":0,"12":46,"13":2,"14":86,"15":0,"16":2,"17":17,"18":18,"19":82,"20":80,"21":4,"22":2,"23":0},"fnMap":{"1":{"name":"constructor","line":69,"loc":{"start":{"line":69,"column":4},"end":{"line":90,"column":4}}},"2":{"name":"get_rate","line":92,"loc":{"start":{"line":92,"column":4},"end":{"line":94,"column":4}}},"3":{"name":"decimals","line":96,"loc":{"start":{"line":96,"column":4},"end":{"line":98,"column":4}}},"4":{"name":"_update_mining_parameters","line":100,"loc":{"start":{"line":100,"column":4},"end":{"line":120,"column":4}}},"5":{"name":"update_mining_parameters","line":122,"loc":{"start":{"line":122,"column":4},"end":{"line":130,"column":4}}},"6":{"name":"start_epoch_time_write","line":132,"loc":{"start":{"line":132,"column":4},"end":{"line":145,"column":4}}},"7":{"name":"future_epoch_time_write","line":147,"loc":{"start":{"line":147,"column":4},"end":{"line":161,"column":4}}},"8":{"name":"_available_supply","line":163,"loc":{"start":{"line":163,"column":4},"end":{"line":165,"column":4}}},"9":{"name":"available_supply","line":167,"loc":{"start":{"line":167,"column":4},"end":{"line":172,"column":4}}},"10":{"name":"mintable_in_timeframe","line":174,"loc":{"start":{"line":174,"column":4},"end":{"line":217,"column":4}}},"11":{"name":"set_converter","line":219,"loc":{"start":{"line":219,"column":4},"end":{"line":224,"column":4}}},"12":{"name":"set_minter","line":226,"loc":{"start":{"line":226,"column":4},"end":{"line":236,"column":4}}},"13":{"name":"set_admin","line":238,"loc":{"start":{"line":238,"column":4},"end":{"line":247,"column":4}}},"14":{"name":"totalSupply","line":249,"loc":{"start":{"line":249,"column":4},"end":{"line":254,"column":4}}},"15":{"name":"allowance","line":256,"loc":{"start":{"line":256,"column":4},"end":{"line":264,"column":4}}},"16":{"name":"transfer","line":266,"loc":{"start":{"line":266,"column":4},"end":{"line":280,"column":4}}},"17":{"name":"transferFrom","line":282,"loc":{"start":{"line":282,"column":4},"end":{"line":298,"column":4}}},"18":{"name":"approve","line":300,"loc":{"start":{"line":300,"column":4},"end":{"line":314,"column":4}}},"19":{"name":"mint","line":316,"loc":{"start":{"line":316,"column":4},"end":{"line":330,"column":4}}},"20":{"name":"_mint","line":332,"loc":{"start":{"line":332,"column":4},"end":{"line":343,"column":4}}},"21":{"name":"burn","line":345,"loc":{"start":{"line":345,"column":4},"end":{"line":360,"column":4}}},"22":{"name":"set_name","line":362,"loc":{"start":{"line":362,"column":4},"end":{"line":372,"column":4}}},"23":{"name":"emergency_mint","line":374,"loc":{"start":{"line":374,"column":4},"end":{"line":415,"column":4}}}},"statementMap":{"1":{"start":{"line":77,"column":8},"end":{"line":77,"column":61}},"2":{"start":{"line":78,"column":8},"end":{"line":78,"column":19}},"3":{"start":{"line":79,"column":8},"end":{"line":79,"column":23}},"4":{"start":{"line":80,"column":8},"end":{"line":80,"column":27}},"5":{"start":{"line":81,"column":8},"end":{"line":81,"column":42}},"6":{"start":{"line":82,"column":8},"end":{"line":82,"column":33}},"7":{"start":{"line":83,"column":8},"end":{"line":83,"column":25}},"8":{"start":{"line":84,"column":8},"end":{"line":84,"column":58}},"9":{"start":{"line":86,"column":8},"end":{"line":86,"column":87}},"10":{"start":{"line":87,"column":8},"end":{"line":87,"column":24}},"11":{"start":{"line":88,"column":8},"end":{"line":88,"column":15}},"12":{"start":{"line":89,"column":8},"end":{"line":89,"column":39}},"13":{"start":{"line":93,"column":8},"end":{"line":93,"column":19}},"14":{"start":{"line":97,"column":8},"end":{"line":97,"column":24}},"15":{"start":{"line":105,"column":8},"end":{"line":105,"column":28}},"16":{"start":{"line":106,"column":8},"end":{"line":106,"column":56}},"17":{"start":{"line":108,"column":8},"end":{"line":108,"column":67}},"18":{"start":{"line":109,"column":8},"end":{"line":109,"column":41}},"19":{"start":{"line":111,"column":8},"end":{"line":111,"column":3348}},"20":{"start":{"line":112,"column":12},"end":{"line":112,"column":31}},"21":{"start":{"line":114,"column":12},"end":{"line":114,"column":88}},"22":{"start":{"line":115,"column":12},"end":{"line":115,"column":51}},"23":{"start":{"line":116,"column":12},"end":{"line":116,"column":78}},"24":{"start":{"line":118,"column":8},"end":{"line":118,"column":19}},"25":{"start":{"line":119,"column":8},"end":{"line":119,"column":94}},"26":{"start":{"line":128,"column":8},"end":{"line":128,"column":94}},"27":{"start":{"line":129,"column":8},"end":{"line":129,"column":34}},"28":{"start":{"line":138,"column":8},"end":{"line":138,"column":52}},"29":{"start":{"line":139,"column":8},"end":{"line":139,"column":4532}},"30":{"start":{"line":140,"column":12},"end":{"line":140,"column":38}},"31":{"start":{"line":141,"column":12},"end":{"line":141,"column":35}},"32":{"start":{"line":143,"column":12},"end":{"line":143,"column":36}},"33":{"start":{"line":154,"column":8},"end":{"line":154,"column":52}},"34":{"start":{"line":155,"column":8},"end":{"line":155,"column":5073}},"35":{"start":{"line":156,"column":12},"end":{"line":156,"column":38}},"36":{"start":{"line":157,"column":12},"end":{"line":157,"column":60}},"37":{"start":{"line":159,"column":12},"end":{"line":159,"column":61}},"38":{"start":{"line":164,"column":8},"end":{"line":164,"column":110}},"39":{"start":{"line":171,"column":8},"end":{"line":171,"column":34}},"40":{"start":{"line":181,"column":8},"end":{"line":181,"column":48}},"41":{"start":{"line":182,"column":8},"end":{"line":182,"column":27}},"42":{"start":{"line":183,"column":8},"end":{"line":183,"column":53}},"43":{"start":{"line":184,"column":8},"end":{"line":184,"column":35}},"44":{"start":{"line":187,"column":8},"end":{"line":187,"column":6358}},"45":{"start":{"line":188,"column":12},"end":{"line":188,"column":75}},"46":{"start":{"line":189,"column":12},"end":{"line":189,"column":92}},"47":{"start":{"line":192,"column":8},"end":{"line":192,"column":92}},"48":{"start":{"line":194,"column":8},"end":{"line":194,"column":6702}},"49":{"start":{"line":195,"column":12},"end":{"line":195,"column":6792}},"50":{"start":{"line":196,"column":16},"end":{"line":196,"column":41}},"51":{"start":{"line":197,"column":16},"end":{"line":197,"column":6886}},"52":{"start":{"line":198,"column":20},"end":{"line":198,"column":76}},"53":{"start":{"line":200,"column":16},"end":{"line":200,"column":45}},"54":{"start":{"line":201,"column":16},"end":{"line":201,"column":7109}},"55":{"start":{"line":203,"column":22},"end":{"line":203,"column":7269}},"56":{"start":{"line":204,"column":20},"end":{"line":204,"column":53}},"57":{"start":{"line":206,"column":16},"end":{"line":206,"column":86}},"58":{"start":{"line":208,"column":16},"end":{"line":208,"column":7489}},"59":{"start":{"line":212,"column":12},"end":{"line":212,"column":75}},"60":{"start":{"line":213,"column":12},"end":{"line":213,"column":92}},"61":{"start":{"line":214,"column":12},"end":{"line":214,"column":47}},"62":{"start":{"line":216,"column":8},"end":{"line":216,"column":22}},"63":{"start":{"line":220,"column":8},"end":{"line":220,"column":55}},"64":{"start":{"line":221,"column":8},"end":{"line":221,"column":41}},"65":{"start":{"line":223,"column":8},"end":{"line":223,"column":37}},"66":{"start":{"line":232,"column":8},"end":{"line":232,"column":55}},"67":{"start":{"line":233,"column":8},"end":{"line":233,"column":87}},"68":{"start":{"line":234,"column":8},"end":{"line":234,"column":23}},"69":{"start":{"line":235,"column":8},"end":{"line":235,"column":31}},"70":{"start":{"line":244,"column":8},"end":{"line":244,"column":55}},"71":{"start":{"line":245,"column":8},"end":{"line":245,"column":21}},"72":{"start":{"line":246,"column":8},"end":{"line":246,"column":29}},"73":{"start":{"line":253,"column":8},"end":{"line":253,"column":27}},"74":{"start":{"line":263,"column":8},"end":{"line":263,"column":43}},"75":{"start":{"line":275,"column":8},"end":{"line":275,"column":74}},"76":{"start":{"line":276,"column":8},"end":{"line":276,"column":64}},"77":{"start":{"line":277,"column":8},"end":{"line":277,"column":50}},"78":{"start":{"line":278,"column":8},"end":{"line":278,"column":46}},"79":{"start":{"line":279,"column":8},"end":{"line":279,"column":19}},"80":{"start":{"line":290,"column":8},"end":{"line":290,"column":76}},"81":{"start":{"line":291,"column":8},"end":{"line":291,"column":72}},"82":{"start":{"line":293,"column":8},"end":{"line":293,"column":54}},"83":{"start":{"line":294,"column":8},"end":{"line":294,"column":50}},"84":{"start":{"line":295,"column":8},"end":{"line":295,"column":80}},"85":{"start":{"line":296,"column":8},"end":{"line":296,"column":41}},"86":{"start":{"line":297,"column":8},"end":{"line":297,"column":19}},"87":{"start":{"line":310,"column":8},"end":{"line":310,"column":67}},"88":{"start":{"line":311,"column":8},"end":{"line":311,"column":48}},"89":{"start":{"line":312,"column":8},"end":{"line":312,"column":51}},"90":{"start":{"line":313,"column":8},"end":{"line":313,"column":19}},"91":{"start":{"line":324,"column":8},"end":{"line":324,"column":56}},"92":{"start":{"line":325,"column":8},"end":{"line":325,"column":54}},"93":{"start":{"line":327,"column":8},"end":{"line":327,"column":25}},"94":{"start":{"line":329,"column":8},"end":{"line":329,"column":19}},"95":{"start":{"line":333,"column":8},"end":{"line":333,"column":12568}},"96":{"start":{"line":334,"column":12},"end":{"line":334,"column":38}},"97":{"start":{"line":336,"column":8},"end":{"line":336,"column":56}},"98":{"start":{"line":338,"column":8},"end":{"line":338,"column":90}},"99":{"start":{"line":339,"column":8},"end":{"line":339,"column":35}},"100":{"start":{"line":341,"column":8},"end":{"line":341,"column":50}},"101":{"start":{"line":342,"column":8},"end":{"line":342,"column":46}},"102":{"start":{"line":352,"column":8},"end":{"line":352,"column":81}},"103":{"start":{"line":355,"column":8},"end":{"line":355,"column":64}},"104":{"start":{"line":356,"column":8},"end":{"line":356,"column":46}},"105":{"start":{"line":358,"column":8},"end":{"line":358,"column":53}},"106":{"start":{"line":359,"column":8},"end":{"line":359,"column":19}},"107":{"start":{"line":369,"column":8},"end":{"line":369,"column":75}},"108":{"start":{"line":370,"column":8},"end":{"line":370,"column":19}},"109":{"start":{"line":371,"column":8},"end":{"line":371,"column":23}},"110":{"start":{"line":381,"column":8},"end":{"line":381,"column":56}},"111":{"start":{"line":384,"column":8},"end":{"line":384,"column":62}},"112":{"start":{"line":387,"column":8},"end":{"line":387,"column":58}},"113":{"start":{"line":388,"column":8},"end":{"line":388,"column":14542}},"114":{"start":{"line":390,"column":12},"end":{"line":390,"column":65}},"115":{"start":{"line":391,"column":12},"end":{"line":391,"column":64}},"116":{"start":{"line":392,"column":12},"end":{"line":392,"column":45}},"117":{"start":{"line":395,"column":12},"end":{"line":395,"column":49}},"118":{"start":{"line":396,"column":12},"end":{"line":396,"column":69}},"119":{"start":{"line":400,"column":12},"end":{"line":400,"column":59}},"120":{"start":{"line":401,"column":12},"end":{"line":401,"column":64}},"121":{"start":{"line":402,"column":12},"end":{"line":402,"column":29}},"122":{"start":{"line":406,"column":12},"end":{"line":406,"column":49}},"123":{"start":{"line":407,"column":12},"end":{"line":407,"column":69}},"124":{"start":{"line":411,"column":12},"end":{"line":411,"column":59}},"125":{"start":{"line":412,"column":12},"end":{"line":412,"column":64}},"126":{"start":{"line":413,"column":12},"end":{"line":413,"column":29}}},"branchMap":{"1":{"line":111,"type":"if","locations":[{"start":{"line":111,"column":8},"end":{"line":111,"column":8}},{"start":{"line":111,"column":8},"end":{"line":111,"column":8}}]},"2":{"line":128,"type":"if","locations":[{"start":{"line":128,"column":8},"end":{"line":128,"column":8}},{"start":{"line":128,"column":8},"end":{"line":128,"column":8}}]},"3":{"line":139,"type":"if","locations":[{"start":{"line":139,"column":8},"end":{"line":139,"column":8}},{"start":{"line":139,"column":8},"end":{"line":139,"column":8}}]},"4":{"line":155,"type":"if","locations":[{"start":{"line":155,"column":8},"end":{"line":155,"column":8}},{"start":{"line":155,"column":8},"end":{"line":155,"column":8}}]},"5":{"line":181,"type":"if","locations":[{"start":{"line":181,"column":8},"end":{"line":181,"column":8}},{"start":{"line":181,"column":8},"end":{"line":181,"column":8}}]},"6":{"line":187,"type":"if","locations":[{"start":{"line":187,"column":8},"end":{"line":187,"column":8}},{"start":{"line":187,"column":8},"end":{"line":187,"column":8}}]},"7":{"line":192,"type":"if","locations":[{"start":{"line":192,"column":8},"end":{"line":192,"column":8}},{"start":{"line":192,"column":8},"end":{"line":192,"column":8}}]},"8":{"line":195,"type":"if","locations":[{"start":{"line":195,"column":12},"end":{"line":195,"column":12}},{"start":{"line":195,"column":12},"end":{"line":195,"column":12}}]},"9":{"line":197,"type":"if","locations":[{"start":{"line":197,"column":16},"end":{"line":197,"column":16}},{"start":{"line":197,"column":16},"end":{"line":197,"column":16}}]},"10":{"line":201,"type":"if","locations":[{"start":{"line":201,"column":16},"end":{"line":201,"column":16}},{"start":{"line":201,"column":16},"end":{"line":201,"column":16}}]},"11":{"line":203,"type":"if","locations":[{"start":{"line":203,"column":22},"end":{"line":203,"column":22}},{"start":{"line":203,"column":22},"end":{"line":203,"column":22}}]},"12":{"line":208,"type":"if","locations":[{"start":{"line":208,"column":16},"end":{"line":208,"column":16}},{"start":{"line":208,"column":16},"end":{"line":208,"column":16}}]},"13":{"line":220,"type":"if","locations":[{"start":{"line":220,"column":8},"end":{"line":220,"column":8}},{"start":{"line":220,"column":8},"end":{"line":220,"column":8}}]},"14":{"line":232,"type":"if","locations":[{"start":{"line":232,"column":8},"end":{"line":232,"column":8}},{"start":{"line":232,"column":8},"end":{"line":232,"column":8}}]},"15":{"line":233,"type":"if","locations":[{"start":{"line":233,"column":8},"end":{"line":233,"column":8}},{"start":{"line":233,"column":8},"end":{"line":233,"column":8}}]},"16":{"line":244,"type":"if","locations":[{"start":{"line":244,"column":8},"end":{"line":244,"column":8}},{"start":{"line":244,"column":8},"end":{"line":244,"column":8}}]},"17":{"line":275,"type":"if","locations":[{"start":{"line":275,"column":8},"end":{"line":275,"column":8}},{"start":{"line":275,"column":8},"end":{"line":275,"column":8}}]},"18":{"line":290,"type":"if","locations":[{"start":{"line":290,"column":8},"end":{"line":290,"column":8}},{"start":{"line":290,"column":8},"end":{"line":290,"column":8}}]},"19":{"line":291,"type":"if","locations":[{"start":{"line":291,"column":8},"end":{"line":291,"column":8}},{"start":{"line":291,"column":8},"end":{"line":291,"column":8}}]},"20":{"line":324,"type":"if","locations":[{"start":{"line":324,"column":8},"end":{"line":324,"column":8}},{"start":{"line":324,"column":8},"end":{"line":324,"column":8}}]},"21":{"line":325,"type":"if","locations":[{"start":{"line":325,"column":8},"end":{"line":325,"column":8}},{"start":{"line":325,"column":8},"end":{"line":325,"column":8}}]},"22":{"line":333,"type":"if","locations":[{"start":{"line":333,"column":8},"end":{"line":333,"column":8}},{"start":{"line":333,"column":8},"end":{"line":333,"column":8}}]},"23":{"line":338,"type":"if","locations":[{"start":{"line":338,"column":8},"end":{"line":338,"column":8}},{"start":{"line":338,"column":8},"end":{"line":338,"column":8}}]},"24":{"line":352,"type":"if","locations":[{"start":{"line":352,"column":8},"end":{"line":352,"column":8}},{"start":{"line":352,"column":8},"end":{"line":352,"column":8}}]},"25":{"line":369,"type":"if","locations":[{"start":{"line":369,"column":8},"end":{"line":369,"column":8}},{"start":{"line":369,"column":8},"end":{"line":369,"column":8}}]},"26":{"line":381,"type":"if","locations":[{"start":{"line":381,"column":8},"end":{"line":381,"column":8}},{"start":{"line":381,"column":8},"end":{"line":381,"column":8}}]},"27":{"line":388,"type":"if","locations":[{"start":{"line":388,"column":8},"end":{"line":388,"column":8}},{"start":{"line":388,"column":8},"end":{"line":388,"column":8}}]}}},"contracts/LiquidityGauge.sol":{"l":{"99":498,"100":498,"102":498,"103":498,"104":498,"105":498,"106":498,"107":498,"108":498,"109":498,"110":498,"111":498,"112":498,"125":438,"126":438,"128":438,"129":438,"130":3,"133":438,"134":438,"135":438,"136":438,"137":438,"139":438,"165":474,"167":474,"168":474,"169":474,"170":474,"171":474,"172":474,"173":474,"174":350,"175":350,"176":350,"178":474,"180":474,"181":474,"183":474,"184":0,"188":474,"189":472,"190":472,"192":472,"193":3541,"194":3541,"196":3541,"197":3310,"203":47,"204":47,"205":47,"207":3263,"216":3541,"217":472,"219":3069,"220":3069,"224":474,"225":474,"226":474,"227":474,"231":474,"232":474,"233":474,"242":180,"243":179,"244":179,"245":179,"254":0,"255":0,"265":3,"266":3,"269":3,"271":3,"272":2,"274":1,"275":1,"284":3,"293":161,"294":2,"297":160,"299":160,"300":159,"301":159,"302":159,"303":159,"305":159,"307":159,"309":159,"317":134,"319":134,"320":99,"321":99,"322":99,"324":99,"326":99,"328":99,"332":0,"336":0,"337":0,"346":0,"347":0,"348":0,"355":0,"356":0,"357":0,"358":0,"359":0,"363":3979},"path":"/Users/mbs/insureDAO/insuredao-dao-contracts/contracts/LiquidityGauge.sol","s":{"1":498,"2":498,"3":498,"4":498,"5":498,"6":498,"7":498,"8":498,"9":498,"10":498,"11":498,"12":498,"13":498,"14":438,"15":438,"16":438,"17":438,"18":3,"19":438,"20":438,"21":438,"22":438,"23":438,"24":438,"25":474,"26":474,"27":474,"28":474,"29":474,"30":474,"31":474,"32":474,"33":350,"34":350,"35":350,"36":474,"37":474,"38":474,"39":474,"40":0,"41":474,"42":472,"43":472,"44":472,"45":3541,"46":3541,"47":3541,"48":3310,"49":47,"50":47,"51":47,"52":3263,"53":3541,"54":3069,"55":3069,"56":474,"57":474,"58":474,"59":474,"60":474,"61":474,"62":474,"63":180,"64":179,"65":179,"66":179,"67":0,"68":0,"69":3,"70":3,"71":3,"72":3,"73":2,"74":1,"75":1,"76":3,"77":161,"78":2,"79":160,"80":160,"81":159,"82":159,"83":159,"84":159,"85":159,"86":159,"87":159,"88":134,"89":134,"90":99,"91":99,"92":99,"93":99,"94":99,"95":99,"96":0,"97":0,"98":0,"99":0,"100":0,"101":0,"102":0,"103":0,"104":0,"105":0,"106":0,"107":3979},"b":{"1":[3,435],"2":[350,124],"3":[0,474],"4":[472,2],"5":[3310,231],"6":[47,3263],"7":[472,3069],"8":[179,1],"9":[2,1],"10":[1,1],"11":[2,159],"12":[1,1],"13":[159,1],"14":[99,0],"15":[0,0],"16":[0,0],"17":[0,0]},"f":{"1":498,"2":438,"3":474,"4":180,"5":0,"6":3,"7":3,"8":161,"9":134,"10":0,"11":0,"12":0,"13":0,"14":3979},"fnMap":{"1":{"name":"constructor","line":91,"loc":{"start":{"line":91,"column":4},"end":{"line":113,"column":4}}},"2":{"name":"_update_liquidity_limit","line":115,"loc":{"start":{"line":115,"column":4},"end":{"line":140,"column":4}}},"3":{"name":"_checkpoint","line":153,"loc":{"start":{"line":153,"column":4},"end":{"line":234,"column":4}}},"4":{"name":"user_checkpoint","line":236,"loc":{"start":{"line":236,"column":4},"end":{"line":246,"column":4}}},"5":{"name":"claimable_tokens","line":248,"loc":{"start":{"line":248,"column":4},"end":{"line":256,"column":4}}},"6":{"name":"kick","line":259,"loc":{"start":{"line":259,"column":4},"end":{"line":276,"column":4}}},"7":{"name":"set_approve_deposit","line":278,"loc":{"start":{"line":278,"column":4},"end":{"line":285,"column":4}}},"8":{"name":"deposit","line":287,"loc":{"start":{"line":287,"column":4},"end":{"line":310,"column":4}}},"9":{"name":"withdraw","line":312,"loc":{"start":{"line":312,"column":4},"end":{"line":329,"column":4}}},"10":{"name":"integrate_checkpoint","line":331,"loc":{"start":{"line":331,"column":4},"end":{"line":333,"column":4}}},"11":{"name":"kill_me","line":335,"loc":{"start":{"line":335,"column":4},"end":{"line":338,"column":4}}},"12":{"name":"commit_transfer_ownership","line":341,"loc":{"start":{"line":341,"column":4},"end":{"line":349,"column":4}}},"13":{"name":"apply_transfer_ownership","line":351,"loc":{"start":{"line":351,"column":4},"end":{"line":360,"column":4}}},"14":{"name":"min","line":362,"loc":{"start":{"line":362,"column":4},"end":{"line":364,"column":4}}}},"statementMap":{"1":{"start":{"line":99,"column":8},"end":{"line":99,"column":37}},"2":{"start":{"line":100,"column":8},"end":{"line":100,"column":37}},"3":{"start":{"line":102,"column":8},"end":{"line":102,"column":36}},"4":{"start":{"line":103,"column":8},"end":{"line":103,"column":32}},"5":{"start":{"line":104,"column":8},"end":{"line":104,"column":51}},"6":{"start":{"line":105,"column":8},"end":{"line":105,"column":46}},"7":{"start":{"line":106,"column":8},"end":{"line":106,"column":57}},"8":{"start":{"line":107,"column":8},"end":{"line":107,"column":52}},"9":{"start":{"line":108,"column":8},"end":{"line":108,"column":67}},"10":{"start":{"line":109,"column":8},"end":{"line":109,"column":44}},"11":{"start":{"line":110,"column":8},"end":{"line":110,"column":47}},"12":{"start":{"line":111,"column":8},"end":{"line":111,"column":65}},"13":{"start":{"line":112,"column":8},"end":{"line":112,"column":21}},"14":{"start":{"line":125,"column":8},"end":{"line":125,"column":79}},"15":{"start":{"line":126,"column":8},"end":{"line":126,"column":73}},"16":{"start":{"line":128,"column":8},"end":{"line":128,"column":58}},"17":{"start":{"line":129,"column":8},"end":{"line":129,"column":4753}},"18":{"start":{"line":130,"column":12},"end":{"line":130,"column":106}},"19":{"start":{"line":133,"column":8},"end":{"line":133,"column":24}},"20":{"start":{"line":134,"column":8},"end":{"line":134,"column":48}},"21":{"start":{"line":135,"column":8},"end":{"line":135,"column":35}},"22":{"start":{"line":136,"column":8},"end":{"line":136,"column":70}},"23":{"start":{"line":137,"column":8},"end":{"line":137,"column":39}},"24":{"start":{"line":139,"column":8},"end":{"line":139,"column":97}},"25":{"start":{"line":165,"column":8},"end":{"line":165,"column":37}},"26":{"start":{"line":167,"column":8},"end":{"line":167,"column":25}},"27":{"start":{"line":168,"column":8},"end":{"line":168,"column":51}},"28":{"start":{"line":169,"column":8},"end":{"line":169,"column":64}},"29":{"start":{"line":170,"column":8},"end":{"line":170,"column":30}},"30":{"start":{"line":171,"column":8},"end":{"line":171,"column":26}},"31":{"start":{"line":172,"column":8},"end":{"line":172,"column":46}},"32":{"start":{"line":173,"column":8},"end":{"line":173,"column":6487}},"33":{"start":{"line":174,"column":12},"end":{"line":174,"column":69}},"34":{"start":{"line":175,"column":12},"end":{"line":175,"column":47}},"35":{"start":{"line":176,"column":12},"end":{"line":176,"column":38}},"36":{"start":{"line":178,"column":8},"end":{"line":178,"column":49}},"37":{"start":{"line":180,"column":8},"end":{"line":180,"column":57}},"38":{"start":{"line":181,"column":8},"end":{"line":181,"column":48}},"39":{"start":{"line":183,"column":8},"end":{"line":183,"column":6965}},"40":{"start":{"line":184,"column":12},"end":{"line":184,"column":21}},"41":{"start":{"line":188,"column":8},"end":{"line":188,"column":7113}},"42":{"start":{"line":189,"column":12},"end":{"line":189,"column":51}},"43":{"start":{"line":190,"column":12},"end":{"line":190,"column":100}},"44":{"start":{"line":192,"column":12},"end":{"line":192,"column":7324}},"45":{"start":{"line":193,"column":16},"end":{"line":193,"column":58}},"46":{"start":{"line":194,"column":16},"end":{"line":194,"column":111}},"47":{"start":{"line":196,"column":16},"end":{"line":196,"column":7545}},"48":{"start":{"line":197,"column":20},"end":{"line":197,"column":7595}},"49":{"start":{"line":203,"column":24},"end":{"line":203,"column":157}},"50":{"start":{"line":204,"column":24},"end":{"line":204,"column":42}},"51":{"start":{"line":205,"column":24},"end":{"line":205,"column":152}},"52":{"start":{"line":207,"column":24},"end":{"line":207,"column":120}},"53":{"start":{"line":216,"column":16},"end":{"line":216,"column":8965}},"54":{"start":{"line":219,"column":16},"end":{"line":219,"column":41}},"55":{"start":{"line":220,"column":16},"end":{"line":220,"column":68}},"56":{"start":{"line":224,"column":8},"end":{"line":224,"column":35}},"57":{"start":{"line":225,"column":8},"end":{"line":225,"column":25}},"58":{"start":{"line":226,"column":8},"end":{"line":226,"column":52}},"59":{"start":{"line":227,"column":8},"end":{"line":227,"column":64}},"60":{"start":{"line":231,"column":8},"end":{"line":231,"column":158}},"61":{"start":{"line":232,"column":8},"end":{"line":232,"column":62}},"62":{"start":{"line":233,"column":8},"end":{"line":233,"column":54}},"63":{"start":{"line":242,"column":8},"end":{"line":242,"column":93}},"64":{"start":{"line":243,"column":8},"end":{"line":243,"column":24}},"65":{"start":{"line":244,"column":8},"end":{"line":244,"column":66}},"66":{"start":{"line":245,"column":8},"end":{"line":245,"column":19}},"67":{"start":{"line":254,"column":8},"end":{"line":254,"column":24}},"68":{"start":{"line":255,"column":8},"end":{"line":255,"column":81}},"69":{"start":{"line":265,"column":8},"end":{"line":265,"column":54}},"70":{"start":{"line":266,"column":8},"end":{"line":266,"column":10898}},"71":{"start":{"line":269,"column":8},"end":{"line":269,"column":42}},"72":{"start":{"line":271,"column":8},"end":{"line":271,"column":109}},"73":{"start":{"line":272,"column":8},"end":{"line":272,"column":108}},"74":{"start":{"line":274,"column":8},"end":{"line":274,"column":24}},"75":{"start":{"line":275,"column":8},"end":{"line":275,"column":66}},"76":{"start":{"line":284,"column":8},"end":{"line":284,"column":58}},"77":{"start":{"line":293,"column":8},"end":{"line":293,"column":12000}},"78":{"start":{"line":294,"column":12},"end":{"line":294,"column":73}},"79":{"start":{"line":297,"column":8},"end":{"line":297,"column":24}},"80":{"start":{"line":299,"column":8},"end":{"line":299,"column":12148}},"81":{"start":{"line":300,"column":12},"end":{"line":300,"column":58}},"82":{"start":{"line":301,"column":12},"end":{"line":301,"column":53}},"83":{"start":{"line":302,"column":12},"end":{"line":302,"column":37}},"84":{"start":{"line":303,"column":12},"end":{"line":303,"column":32}},"85":{"start":{"line":305,"column":12},"end":{"line":305,"column":59}},"86":{"start":{"line":307,"column":12},"end":{"line":307,"column":75}},"87":{"start":{"line":309,"column":8},"end":{"line":309,"column":34}},"88":{"start":{"line":317,"column":8},"end":{"line":317,"column":30}},"89":{"start":{"line":319,"column":8},"end":{"line":319,"column":60}},"90":{"start":{"line":320,"column":8},"end":{"line":320,"column":49}},"91":{"start":{"line":321,"column":8},"end":{"line":321,"column":39}},"92":{"start":{"line":322,"column":8},"end":{"line":322,"column":28}},"93":{"start":{"line":324,"column":8},"end":{"line":324,"column":61}},"94":{"start":{"line":326,"column":8},"end":{"line":326,"column":53}},"95":{"start":{"line":328,"column":8},"end":{"line":328,"column":41}},"96":{"start":{"line":332,"column":8},"end":{"line":332,"column":39}},"97":{"start":{"line":336,"column":8},"end":{"line":336,"column":35}},"98":{"start":{"line":337,"column":8},"end":{"line":337,"column":29}},"99":{"start":{"line":346,"column":8},"end":{"line":346,"column":55}},"100":{"start":{"line":347,"column":8},"end":{"line":347,"column":26}},"101":{"start":{"line":348,"column":8},"end":{"line":348,"column":34}},"102":{"start":{"line":355,"column":8},"end":{"line":355,"column":55}},"103":{"start":{"line":356,"column":8},"end":{"line":356,"column":37}},"104":{"start":{"line":357,"column":8},"end":{"line":357,"column":59}},"105":{"start":{"line":358,"column":8},"end":{"line":358,"column":21}},"106":{"start":{"line":359,"column":8},"end":{"line":359,"column":35}},"107":{"start":{"line":363,"column":8},"end":{"line":363,"column":28}}},"branchMap":{"1":{"line":129,"type":"if","locations":[{"start":{"line":129,"column":8},"end":{"line":129,"column":8}},{"start":{"line":129,"column":8},"end":{"line":129,"column":8}}]},"2":{"line":173,"type":"if","locations":[{"start":{"line":173,"column":8},"end":{"line":173,"column":8}},{"start":{"line":173,"column":8},"end":{"line":173,"column":8}}]},"3":{"line":183,"type":"if","locations":[{"start":{"line":183,"column":8},"end":{"line":183,"column":8}},{"start":{"line":183,"column":8},"end":{"line":183,"column":8}}]},"4":{"line":188,"type":"if","locations":[{"start":{"line":188,"column":8},"end":{"line":188,"column":8}},{"start":{"line":188,"column":8},"end":{"line":188,"column":8}}]},"5":{"line":196,"type":"if","locations":[{"start":{"line":196,"column":16},"end":{"line":196,"column":16}},{"start":{"line":196,"column":16},"end":{"line":196,"column":16}}]},"6":{"line":197,"type":"if","locations":[{"start":{"line":197,"column":20},"end":{"line":197,"column":20}},{"start":{"line":197,"column":20},"end":{"line":197,"column":20}}]},"7":{"line":216,"type":"if","locations":[{"start":{"line":216,"column":16},"end":{"line":216,"column":16}},{"start":{"line":216,"column":16},"end":{"line":216,"column":16}}]},"8":{"line":242,"type":"if","locations":[{"start":{"line":242,"column":8},"end":{"line":242,"column":8}},{"start":{"line":242,"column":8},"end":{"line":242,"column":8}}]},"9":{"line":271,"type":"if","locations":[{"start":{"line":271,"column":8},"end":{"line":271,"column":8}},{"start":{"line":271,"column":8},"end":{"line":271,"column":8}}]},"10":{"line":272,"type":"if","locations":[{"start":{"line":272,"column":8},"end":{"line":272,"column":8}},{"start":{"line":272,"column":8},"end":{"line":272,"column":8}}]},"11":{"line":293,"type":"if","locations":[{"start":{"line":293,"column":8},"end":{"line":293,"column":8}},{"start":{"line":293,"column":8},"end":{"line":293,"column":8}}]},"12":{"line":294,"type":"if","locations":[{"start":{"line":294,"column":12},"end":{"line":294,"column":12}},{"start":{"line":294,"column":12},"end":{"line":294,"column":12}}]},"13":{"line":299,"type":"if","locations":[{"start":{"line":299,"column":8},"end":{"line":299,"c
[...]
2},"end":{"line":345,"column":35}},"104":{"start":{"line":346,"column":12},"end":{"line":346,"column":56}},"105":{"start":{"line":358,"column":8},"end":{"line":358,"column":95}},"106":{"start":{"line":359,"column":8},"end":{"line":359,"column":98}},"107":{"start":{"line":361,"column":8},"end":{"line":361,"column":38}},"108":{"start":{"line":362,"column":8},"end":{"line":362,"column":41}},"109":{"start":{"line":364,"column":8},"end":{"line":364,"column":58}},"110":{"start":{"line":365,"column":8},"end":{"line":365,"column":14170}},"111":{"start":{"line":366,"column":12},"end":{"line":366,"column":36}},"112":{"start":{"line":368,"column":8},"end":{"line":368,"column":30}},"113":{"start":{"line":375,"column":8},"end":{"line":375,"column":46}},"114":{"start":{"line":377,"column":8},"end":{"line":377,"column":14576}},"115":{"start":{"line":378,"column":12},"end":{"line":378,"column":75}},"116":{"start":{"line":381,"column":8},"end":{"line":381,"column":72}},"117":{"start":{"line":382,"column":8},"end":{"line":382,"column":61}},"118":{"start":{"line":390,"column":8},"end":{"line":390,"column":30}},"119":{"start":{"line":391,"column":8},"end":{"line":391,"column":30}},"120":{"start":{"line":392,"column":8},"end":{"line":392,"column":37}},"121":{"start":{"line":403,"column":8},"end":{"line":403,"column":52}},"122":{"start":{"line":405,"column":8},"end":{"line":405,"column":55}},"123":{"start":{"line":406,"column":8},"end":{"line":406,"column":60}},"124":{"start":{"line":407,"column":8},"end":{"line":407,"column":85}},"125":{"start":{"line":409,"column":8},"end":{"line":409,"column":70}},"126":{"start":{"line":419,"column":8},"end":{"line":419,"column":38}},"127":{"start":{"line":420,"column":8},"end":{"line":420,"column":62}},"128":{"start":{"line":421,"column":8},"end":{"line":421,"column":57}},"129":{"start":{"line":423,"column":8},"end":{"line":423,"column":27}},"130":{"start":{"line":424,"column":8},"end":{"line":424,"column":65}},"131":{"start":{"line":425,"column":8},"end":{"line":425,"column":88}},"132":{"start":{"line":426,"column":8},"end":{"line":426,"column":94}},"133":{"start":{"line":428,"column":8},"end":{"line":428,"column":79}},"134":{"start":{"line":437,"column":8},"end":{"line":437,"column":38}},"135":{"start":{"line":438,"column":8},"end":{"line":438,"column":57}},"136":{"start":{"line":440,"column":8},"end":{"line":440,"column":26}},"137":{"start":{"line":441,"column":8},"end":{"line":441,"column":61}},"138":{"start":{"line":442,"column":8},"end":{"line":442,"column":86}},"139":{"start":{"line":444,"column":8},"end":{"line":444,"column":73}},"140":{"start":{"line":452,"column":8},"end":{"line":452,"column":38}},"141":{"start":{"line":453,"column":8},"end":{"line":453,"column":57}},"142":{"start":{"line":454,"column":8},"end":{"line":454,"column":62}},"143":{"start":{"line":456,"column":8},"end":{"line":456,"column":62}},"144":{"start":{"line":457,"column":8},"end":{"line":457,"column":56}},"145":{"start":{"line":458,"column":8},"end":{"line":458,"column":77}},"146":{"start":{"line":459,"column":8},"end":{"line":459,"column":94}},"147":{"start":{"line":461,"column":8},"end":{"line":461,"column":78}},"148":{"start":{"line":469,"column":8},"end":{"line":469,"column":57}},"149":{"start":{"line":470,"column":8},"end":{"line":470,"column":73}},"150":{"start":{"line":471,"column":8},"end":{"line":471,"column":47}},"151":{"start":{"line":473,"column":8},"end":{"line":473,"column":49}},"152":{"start":{"line":474,"column":8},"end":{"line":474,"column":22}},"153":{"start":{"line":475,"column":8},"end":{"line":475,"column":25}},"154":{"start":{"line":476,"column":8},"end":{"line":476,"column":35}},"155":{"start":{"line":477,"column":8},"end":{"line":477,"column":38}},"156":{"start":{"line":478,"column":8},"end":{"line":478,"column":40}},"157":{"start":{"line":483,"column":8},"end":{"line":483,"column":51}},"158":{"start":{"line":485,"column":8},"end":{"line":485,"column":57}},"159":{"start":{"line":487,"column":8},"end":{"line":487,"column":57}},"160":{"start":{"line":488,"column":8},"end":{"line":488,"column":60}},"161":{"start":{"line":504,"column":8},"end":{"line":504,"column":24}},"162":{"start":{"line":505,"column":8},"end":{"line":505,"column":32}},"163":{"start":{"line":506,"column":8},"end":{"line":506,"column":19830}},"164":{"start":{"line":507,"column":12},"end":{"line":507,"column":19921}},"165":{"start":{"line":510,"column":12},"end":{"line":510,"column":57}},"166":{"start":{"line":511,"column":12},"end":{"line":511,"column":20048}},"167":{"start":{"line":512,"column":16},"end":{"line":512,"column":26}},"168":{"start":{"line":514,"column":16},"end":{"line":514,"column":33}},"169":{"start":{"line":517,"column":8},"end":{"line":517,"column":19}},"170":{"start":{"line":529,"column":8},"end":{"line":529,"column":20612}},"171":{"start":{"line":530,"column":12},"end":{"line":530,"column":31}},"172":{"start":{"line":533,"column":8},"end":{"line":533,"column":47}},"173":{"start":{"line":534,"column":8},"end":{"line":534,"column":20727}},"174":{"start":{"line":535,"column":12},"end":{"line":535,"column":20}},"175":{"start":{"line":537,"column":12},"end":{"line":537,"column":70}},"176":{"start":{"line":538,"column":12},"end":{"line":538,"column":101}},"177":{"start":{"line":539,"column":12},"end":{"line":539,"column":20974}},"178":{"start":{"line":540,"column":16},"end":{"line":540,"column":34}},"179":{"start":{"line":542,"column":12},"end":{"line":542,"column":43}},"180":{"start":{"line":565,"column":8},"end":{"line":565,"column":37}},"181":{"start":{"line":567,"column":8},"end":{"line":567,"column":27}},"182":{"start":{"line":570,"column":8},"end":{"line":570,"column":17}},"183":{"start":{"line":571,"column":8},"end":{"line":571,"column":38}},"184":{"start":{"line":572,"column":8},"end":{"line":572,"column":21969}},"185":{"start":{"line":573,"column":12},"end":{"line":573,"column":22059}},"186":{"start":{"line":576,"column":12},"end":{"line":576,"column":61}},"187":{"start":{"line":577,"column":12},"end":{"line":577,"column":22194}},"188":{"start":{"line":578,"column":16},"end":{"line":578,"column":28}},"189":{"start":{"line":580,"column":16},"end":{"line":580,"column":35}},"190":{"start":{"line":584,"column":8},"end":{"line":584,"column":62}},"191":{"start":{"line":586,"column":8},"end":{"line":586,"column":26}},"192":{"start":{"line":587,"column":8},"end":{"line":587,"column":62}},"193":{"start":{"line":588,"column":8},"end":{"line":588,"column":52}},"194":{"start":{"line":589,"column":8},"end":{"line":589,"column":20}},"195":{"start":{"line":590,"column":8},"end":{"line":590,"column":16}},"196":{"start":{"line":591,"column":8},"end":{"line":591,"column":22616}},"197":{"start":{"line":592,"column":12},"end":{"line":592,"column":63}},"198":{"start":{"line":593,"column":12},"end":{"line":593,"column":51}},"199":{"start":{"line":594,"column":12},"end":{"line":594,"column":45}},"200":{"start":{"line":596,"column":12},"end":{"line":596,"column":52}},"201":{"start":{"line":597,"column":12},"end":{"line":597,"column":50}},"202":{"start":{"line":599,"column":8},"end":{"line":599,"column":39}},"203":{"start":{"line":600,"column":8},"end":{"line":600,"column":22992}},"204":{"start":{"line":601,"column":12},"end":{"line":601,"column":89}},"205":{"start":{"line":604,"column":8},"end":{"line":604,"column":89}},"206":{"start":{"line":605,"column":8},"end":{"line":605,"column":23216}},"207":{"start":{"line":606,"column":12},"end":{"line":606,"column":39}},"208":{"start":{"line":608,"column":12},"end":{"line":608,"column":20}},"209":{"start":{"line":619,"column":8},"end":{"line":619,"column":39}},"210":{"start":{"line":620,"column":8},"end":{"line":620,"column":55}},"211":{"start":{"line":621,"column":8},"end":{"line":621,"column":23799}},"212":{"start":{"line":622,"column":12},"end":{"line":622,"column":30}},"213":{"start":{"line":623,"column":12},"end":{"line":623,"column":30}},"214":{"start":{"line":625,"column":12},"end":{"line":625,"column":23910}},"215":{"start":{"line":626,"column":16},"end":{"line":626,"column":22}},"216":{"start":{"line":628,"column":16},"end":{"line":628,"column":43}},"217":{"start":{"line":630,"column":12},"end":{"line":630,"column":102}},"218":{"start":{"line":632,"column":12},"end":{"line":632,"column":24146}},"219":{"start":{"line":635,"column":12},"end":{"line":635,"column":59}},"220":{"start":{"line":636,"column":12},"end":{"line":636,"column":30}},"221":{"start":{"line":639,"column":8},"end":{"line":639,"column":24308}},"222":{"start":{"line":640,"column":12},"end":{"line":640,"column":30}},"223":{"start":{"line":642,"column":8},"end":{"line":642,"column":39}},"224":{"start":{"line":651,"column":8},"end":{"line":651,"column":24691}},"225":{"start":{"line":652,"column":12},"end":{"line":652,"column":30}},"226":{"start":{"line":655,"column":8},"end":{"line":655,"column":30}},"227":{"start":{"line":656,"column":8},"end":{"line":656,"column":55}},"228":{"start":{"line":658,"column":8},"end":{"line":658,"column":39}},"229":{"start":{"line":668,"column":8},"end":{"line":668,"column":38}},"230":{"start":{"line":669,"column":8},"end":{"line":669,"column":30}},"231":{"start":{"line":670,"column":8},"end":{"line":670,"column":63}},"232":{"start":{"line":672,"column":8},"end":{"line":672,"column":56}},"233":{"start":{"line":673,"column":8},"end":{"line":673,"column":22}},"234":{"start":{"line":674,"column":8},"end":{"line":674,"column":25410}},"235":{"start":{"line":675,"column":12},"end":{"line":675,"column":72}},"236":{"start":{"line":676,"column":12},"end":{"line":676,"column":25528}},"237":{"start":{"line":677,"column":16},"end":{"line":677,"column":111}},"238":{"start":{"line":680,"column":12},"end":{"line":680,"column":25717}},"239":{"start":{"line":681,"column":16},"end":{"line":681,"column":111}},"240":{"start":{"line":687,"column":8},"end":{"line":687,"column":49}},"241":{"start":{"line":696,"column":8},"end":{"line":696,"column":40}},"242":{"start":{"line":697,"column":8},"end":{"line":697,"column":34}},"243":{"start":{"line":701,"column":8},"end":{"line":701,"column":38}}},"branchMap":{"1":{"line":138,"type":"if","locations":[{"start":{"line":138,"column":8},"end":{"line":138,"column":8}},{"start":{"line":138,"column":8},"end":{"line":138,"column":8}}]},"2":{"line":147,"type":"if","locations":[{"start":{"line":147,"column":8},"end":{"line":147,"column":8}},{"start":{"line":147,"column":8},"end":{"line":147,"column":8}}]},"3":{"line":149,"type":"if","locations":[{"start":{"line":149,"column":8},"end":{"line":149,"column":8}},{"start":{"line":149,"column":8},"end":{"line":149,"column":8}}]},"4":{"line":176,"type":"if","locations":[{"start":{"line":176,"column":8},"end":{"line":176,"column":8}},{"start":{"line":176,"column":8},"end":{"line":176,"column":8}}]},"5":{"line":178,"type":"if","locations":[{"start":{"line":178,"column":12},"end":{"line":178,"column":12}},{"start":{"line":178,"column":12},"end":{"line":178,"column":12}}]},"6":{"line":179,"type":"if","locations":[{"start":{"line":179,"column":16},"end":{"line":179,"column":16}},{"start":{"line":179,"column":16},"end":{"line":179,"column":16}}]},"7":{"line":229,"type":"if","locations":[{"start":{"line":229,"column":8},"end":{"line":229,"column":8}},{"start":{"line":229,"column":8},"end":{"line":229,"column":8}}]},"8":{"line":232,"type":"if","locations":[{"start":{"line":232,"column":12},"end":{"line":232,"column":12}},{"start":{"line":232,"column":12},"end":{"line":232,"column":12}}]},"9":{"line":236,"type":"if","locations":[{"start":{"line":236,"column":12},"end":{"line":236,"column":12}},{"start":{"line":236,"column":12},"end":{"line":236,"column":12}}]},"10":{"line":245,"type":"if","locations":[{"start":{"line":245,"column":12},"end":{"line":245,"column":12}},{"start":{"line":245,"column":12},"end":{"line":245,"column":12}}]},"11":{"line":246,"type":"if","locations":[{"start":{"line":246,"column":16},"end":{"line":246,"column":16}},{"start":{"line":246,"column":16},"end":{"line":246,"column":16}}]},"12":{"line":254,"type":"if","locations":[{"start":{"line":254,"column":8},"end":{"line":254,"column":8}},{"start":{"line":254,"column":8},"end":{"line":254,"column":8}}]},"13":{"line":263,"type":"if","locations":[{"start":{"line":263,"column":8},"end":{"line":263,"column":8}},{"start":{"line":263,"column":8},"end":{"line":263,"column":8}}]},"14":{"line":276,"type":"if","locations":[{"start":{"line":276,"column":12},"end":{"line":276,"column":12}},{"start":{"line":276,"column":12},"end":{"line":276,"column":12}}]},"15":{"line":283,"type":"if","locations":[{"start":{"line":283,"column":12},"end":{"line":283,"column":12}},{"start":{"line":283,"column":12},"end":{"line":283,"column":12}}]},"16":{"line":286,"type":"if","locations":[{"start":{"line":286,"column":12},"end":{"line":286,"column":12}},{"start":{"line":286,"column":12},"end":{"line":286,"column":12}}]},"17":{"line":293,"type":"if","locations":[{"start":{"line":293,"column":12},"end":{"line":293,"column":12}},{"start":{"line":293,"column":12},"end":{"line":293,"column":12}}]},"18":{"line":303,"type":"if","locations":[{"start":{"line":303,"column":8},"end":{"line":303,"column":8}},{"start":{"line":303,"column":8},"end":{"line":303,"column":8}}]},"19":{"line":308,"type":"if","locations":[{"start":{"line":308,"column":12},"end":{"line":308,"column":12}},{"start":{"line":308,"column":12},"end":{"line":308,"column":12}}]},"20":{"line":311,"type":"if","locations":[{"start":{"line":311,"column":12},"end":{"line":311,"column":12}},{"start":{"line":311,"column":12},"end":{"line":311,"column":12}}]},"21":{"line":320,"type":"if","locations":[{"start":{"line":320,"column":8},"end":{"line":320,"column":8}},{"start":{"line":320,"column":8},"end":{"line":320,"column":8}}]},"22":{"line":324,"type":"if","locations":[{"start":{"line":324,"column":12},"end":{"line":324,"column":12}},{"start":{"line":324,"column":12},"end":{"line":324,"column":12}}]},"23":{"line":327,"type":"if","locations":[{"start":{"line":327,"column":16},"end":{"line":327,"column":16}},{"start":{"line":327,"column":16},"end":{"line":327,"column":16}}]},"24":{"line":332,"type":"if","locations":[{"start":{"line":332,"column":12},"end":{"line":332,"column":12}},{"start":{"line":332,"column":12},"end":{"line":332,"column":12}}]},"25":{"line":333,"type":"if","locations":[{"start":{"line":333,"column":16},"end":{"line":333,"column":16}},{"start":{"line":333,"column":16},"end":{"line":333,"column":16}}]},"26":{"line":365,"type":"if","locations":[{"start":{"line":365,"column":8},"end":{"line":365,"column":8}},{"start":{"line":365,"column":8},"end":{"line":365,"column":8}}]},"27":{"line":377,"type":"if","locations":[{"start":{"line":377,"column":8},"end":{"line":377,"column":8}},{"start":{"line":377,"column":8},"end":{"line":377,"column":8}}]},"28":{"line":405,"type":"if","locations":[{"start":{"line":405,"column":8},"end":{"line":405,"column":8}},{"start":{"line":405,"column":8},"end":{"line":405,"column":8}}]},"29":{"line":406,"type":"if","locations":[{"start":{"line":406,"column":8},"end":{"line":406,"column":8}},{"start":{"line":406,"column":8},"end":{"line":406,"column":8}}]},"30":{"line":407,"type":"if","locations":[{"start":{"line":407,"column":8},"end":{"line":407,"column":8}},{"start":{"line":407,"column":8},"end":{"line":407,"column":8}}]},"31":{"line":424,"type":"if","locations":[{"start":{"line":424,"column":8},"end":{"line":424,"column":8}},{"start":{"line":424,"column":8},"end":{"line":424,"column":8}}]},"32":{"line":425,"type":"if","locations":[{"start":{"line":425,"column":8},"end":{"line":425,"column":8}},{"start":{"line":425,"column":8},"end":{"line":425,"column":8}}]},"33":{"line":426,"type":"if","locations":[{"start":{"line":426,"column":8},"end":{"line":426,"column":8}},{"start":{"line":426,"column":8},"end":{"line":426,"column":8}}]},"34":{"line":441,"type":"if","locations":[{"start":{"line":441,"column":8},"end":{"line":441,"column":8}},{"start":{"line":441,"column":8},"end":{"line":441,"column":8}}]},"35":{"line":442,"type":"if","locations":[{"start":{"line":442,"column":8},"end":{"line":442,"column":8}},{"start":{"line":442,"column":8},"end":{"line":442,"column":8}}]},"36":{"line":456,"type":"if","locations":[{"start":{"line":456,"column":8},"end":{"line":456,"column":8}},{"start":{"line":456,"column":8},"end":{"line":456,"column":8}}]},"37":{"line":457,"type":"if","locations":[{"start":{"line":457,"column":8},"end":{"line":457,"column":8}},{"start":{"line":457,"column":8},"end":{"line":457,"column":8}}]},"38":{"line":458,"type":"if","locations":[{"start":{"line":458,"column":8},"end":{"line":458,"column":8}},{"start":{"line":458,"column":8},"end":{"line":458,"column":8}}]},"39":{"line":459,"type":"if","locations":[{"start":{"line":459,"column":8},"end":{"line":459,"column":8}},{"start":{"line":459,"column":8},"end":{"line":459,"column":8}}]},"40":{"line":470,"type":"if","locations":[{"start":{"line":470,"column":8},"end":{"line":470,"column":8}},{"start":{"line":470,"column":8},"end":{"line":470,"column":8}}]},"41":{"line":507,"type":"if","locations":[{"start":{"line":507,"column":12},"end":{"line":507,"column":12}},{"start":{"line":507,"column":12},"end":{"line":507,"column":12}}]},"42":{"line":511,"type":"if","locations":[{"start":{"line":511,"column":12},"end":{"line":511,"column":12}},{"start":{"line":511,"column":12},"end":{"line":511,"column":12}}]},"43":{"line":529,"type":"if","locations":[{"start":{"line":529,"column":8},"end":{"line":529,"column":8}},{"start":{"line":529,"column":8},"end":{"line":529,"column":8}}]},"44":{"line":534,"type":"if","locations":[{"start":{"line":534,"column":8},"end":{"line":534,"column":8}},{"start":{"line":534,"column":8},"end":{"line":534,"column":8}}]},"45":{"line":539,"type":"if","locations":[{"start":{"line":539,"column":12},"end":{"line":539,"column":12}},{"start":{"line":539,"column":12},"end":{"line":539,"column":12}}]},"46":{"line":573,"type":"if","locations":[{"start":{"line":573,"column":12},"end":{"line":573,"column":12}},{"start":{"line":573,"column":12},"end":{"line":573,"column":12}}]},"47":{"line":577,"type":"if","locations":[{"start":{"line":577,"column":12},"end":{"line":577,"column":12}},{"start":{"line":577,"column":12},"end":{"line":577,"column":12}}]},"48":{"line":591,"type":"if","locations":[{"start":{"line":591,"column":8},"end":{"line":591,"column":8}},{"start":{"line":591,"column":8},"end":{"line":591,"column":8}}]},"49":{"line":600,"type":"if","locations":[{"start":{"line":600,"column":8},"end":{"line":600,"column":8}},{"start":{"line":600,"column":8},"end":{"line":600,"column":8}}]},"50":{"line":605,"type":"if","locations":[{"start":{"line":605,"column":8},"end":{"line":605,"column":8}},{"start":{"line":605,"column":8},"end":{"line":605,"column":8}}]},"51":{"line":625,"type":"if","locations":[{"start":{"line":625,"column":12},"end":{"line":625,"column":12}},{"start":{"line":625,"column":12},"end":{"line":625,"column":12}}]},"52":{"line":632,"type":"if","locations":[{"start":{"line":632,"column":12},"end":{"line":632,"column":12}},{"start":{"line":632,"column":12},"end":{"line":632,"column":12}}]},"53":{"line":639,"type":"if","locations":[{"start":{"line":639,"column":8},"end":{"line":639,"column":8}},{"start":{"line":639,"column":8},"end":{"line":639,"column":8}}]},"54":{"line":651,"type":"if","locations":[{"start":{"line":651,"column":8},"end":{"line":651,"column":8}},{"start":{"line":651,"column":8},"end":{"line":651,"column":8}}]},"55":{"line":674,"type":"if","locations":[{"start":{"line":674,"column":8},"end":{"line":674,"column":8}},{"start":{"line":674,"column":8},"end":{"line":674,"column":8}}]},"56":{"line":676,"type":"if","locations":[{"start":{"line":676,"column":12},"end":{"line":676,"column":12}},{"start":{"line":676,"column":12},"end":{"line":676,"column":12}}]},"57":{"line":680,"type":"if","locations":[{"start":{"line":680,"column":12},"end":{"line":680,"column":12}},{"start":{"line":680,"column":12},"end":{"line":680,"column":12}}]}}}}