TN:
SF:/Users/mbs/insureDAO/insuredao-dao-contracts/contracts/ConverterV1.sol
FN:21,constructor
FN:26,swap_exact_to_insure
FN:42,getAmountsIn
FN:52,swap_insure_to_exact
FNF:4
FNH:0
FNDA:0,constructor
FNDA:0,swap_exact_to_insure
FNDA:0,getAmountsIn
FNDA:0,swap_insure_to_exact
DA:22,0
DA:28,0
DA:29,0
DA:31,0
DA:32,0
DA:33,0
DA:34,0
DA:37,0
DA:39,0
DA:43,0
DA:44,0
DA:45,0
DA:46,0
DA:48,0
DA:49,0
DA:54,0
DA:55,0
DA:57,0
DA:58,0
DA:59,0
DA:60,0
DA:62,0
LF:22
LH:0
BRDA:28,1,0,0
BRDA:28,1,1,0
BRDA:29,2,0,0
BRDA:29,2,1,0
BRDA:54,3,0,0
BRDA:54,3,1,0
BRDA:55,4,0,0
BRDA:55,4,1,0
BRF:8
BRH:0
end_of_record
TN:
SF:/Users/mbs/insureDAO/insuredao-dao-contracts/contracts/FeeDistribution/DevFeeForwarderV1.sol
FN:19,distribute
FNF:1
FNH:0
FNDA:0,distribute
DA:22,0
DA:23,0
DA:24,0
DA:28,0
DA:29,0
LF:5
LH:0
BRDA:23,1,0,0
BRDA:23,1,1,0
BRDA:24,2,0,0
BRDA:24,2,1,0
BRDA:29,3,0,0
BRDA:29,3,1,0
BRF:6
BRH:0
end_of_record
TN:
SF:/Users/mbs/insureDAO/insuredao-dao-contracts/contracts/FeeDistribution/FeeDistributorV1.sol
FN:27,constructor
FN:32,distribute
FNF:2
FNH:0
FNDA:0,constructor
FNDA:0,distribute
DA:28,0
DA:29,0
DA:41,0
DA:42,0
DA:43,0
DA:46,0
DA:47,0
DA:49,0
DA:52,0
DA:53,0
DA:54,0
DA:57,0
LF:12
LH:0
BRDA:42,1,0,0
BRDA:42,1,1,0
BRDA:43,2,0,0
BRDA:43,2,1,0
BRDA:47,3,0,0
BRDA:47,3,1,0
BRDA:49,4,0,0
BRDA:49,4,1,0
BRDA:53,5,0,0
BRDA:53,5,1,0
BRF:10
BRH:0
end_of_record
TN:
SF:/Users/mbs/insureDAO/insuredao-dao-contracts/contracts/FeeDistribution/ReportingDistributionV1.sol
FN:38,constructor
FN:59,distribute
FN:84,_claim
FN:94,claim
FN:106,claim_many
FN:118,_update_reporter
FN:142,update_reporter
FN:147,update_reporters
FN:158,kill_me
FN:172,recover_balance
FN:188,commit_transfer_recovery
FN:202,apply_transfer_recovery
FN:214,commit_transfer_ownership
FN:227,accept_transfer_ownership
FNF:14
FNH:0
FNDA:0,constructor
FNDA:0,distribute
FNDA:0,_claim
FNDA:0,claim
FNDA:0,claim_many
FNDA:0,_update_reporter
FNDA:0,update_reporter
FNDA:0,update_reporters
FNDA:0,kill_me
FNDA:0,recover_balance
FNDA:0,commit_transfer_recovery
FNDA:0,apply_transfer_recovery
FNDA:0,commit_transfer_ownership
FNDA:0,accept_transfer_ownership
DA:52,0
DA:53,0
DA:54,0
DA:55,0
DA:66,0
DA:67,0
DA:68,0
DA:69,0
DA:70,0
DA:71,0
DA:72,0
DA:73,0
DA:74,0
DA:75,0
DA:76,0
DA:77,0
DA:81,0
DA:85,0
DA:86,0
DA:88,0
DA:89,0
DA:90,0
DA:91,0
DA:100,0
DA:101,0
DA:103,0
DA:107,0
DA:108,0
DA:109,0
DA:110,0
DA:112,0
DA:115,0
DA:125,0
DA:127,0
DA:128,0
DA:129,0
DA:130,0
DA:132,0
DA:133,0
DA:136,0
DA:137,0
DA:138,0
DA:143,0
DA:144,0
DA:148,0
DA:149,0
DA:150,0
DA:151,0
DA:154,0
DA:164,0
DA:165,0
DA:167,0
DA:168,0
DA:179,0
DA:180,0
DA:182,0
DA:183,0
DA:185,0
DA:196,0
DA:197,0
DA:199,0
DA:207,0
DA:208,0
DA:210,0
DA:211,0
DA:221,0
DA:222,0
DA:224,0
DA:232,0
DA:234,0
DA:236,0
LF:71
LH:0
BRDA:66,1,0,0
BRDA:66,1,1,0
BRDA:67,2,0,0
BRDA:67,2,1,0
BRDA:69,3,0,0
BRDA:69,3,1,0
BRDA:74,4,0,0
BRDA:74,4,1,0
BRDA:85,5,0,0
BRDA:85,5,1,0
BRDA:86,6,0,0
BRDA:86,6,1,0
BRDA:90,7,0,0
BRDA:90,7,1,0
BRDA:100,8,0,0
BRDA:100,8,1,0
BRDA:107,9,0,0
BRDA:107,9,1,0
BRDA:109,10,0,0
BRDA:109,10,1,0
BRDA:125,11,0,0
BRDA:125,11,1,0
BRDA:127,12,0,0
BRDA:127,12,1,0
BRDA:143,13,0,0
BRDA:143,13,1,0
BRDA:148,14,0,0
BRDA:148,14,1,0
BRDA:150,15,0,0
BRDA:150,15,1,0
BRDA:164,16,0,0
BRDA:164,16,1,0
BRDA:179,17,0,0
BRDA:179,17,1,0
BRDA:180,18,0,0
BRDA:180,18,1,0
BRDA:196,19,0,0
BRDA:196,19,1,0
BRDA:207,20,0,0
BRDA:207,20,1,0
BRDA:208,21,0,0
BRDA:208,21,1,0
BRDA:221,22,0,0
BRDA:221,22,1,0
BRDA:232,23,0,0
BRDA:232,23,1,0
BRF:46
BRH:0
end_of_record
TN:
SF:/Users/mbs/insureDAO/insuredao-dao-contracts/contracts/GaugeController.sol
FN:89,get_voting_escrow
FN:94,constructor
FN:109,commit_transfer_ownership
FN:119,apply_transfer_ownership
FN:130,gauge_types
FN:142,_get_type_weight
FN:169,_get_sum
FN:205,_get_total
FN:250,_get_weight
FN:285,add_gauge
FN:323,checkpoint
FN:330,checkpoint_gauge
FN:339,_gauge_relative_weight
FN:362,gauge_relative_weight
FN:380,gauge_relative_weight_write
FN:392,_change_type_weight
FN:413,add_type
FN:429,change_type_weight
FN:439,_change_gauge_weight
FN:463,change_gauge_weight
FN:483,vote_for_gauge_weights
FN:558,get_gauge_weight
FN:567,get_type_weight
FN:576,get_total_weight
FN:584,get_weights_sum_per_type
FN:593,max
FNF:26
FNH:25
FNDA:498,get_voting_escrow
FNDA:216,constructor
FNDA:3,commit_transfer_ownership
FNDA:3,apply_transfer_ownership
FNDA:16,gauge_types
FNDA:424,_get_type_weight
FNDA:441,_get_sum
FNDA:617,_get_total
FNDA:506,_get_weight
FNDA:82,add_gauge
FNDA:5,checkpoint
FNDA:478,checkpoint_gauge
FNDA:3564,_gauge_relative_weight
FNDA:3555,gauge_relative_weight
FNDA:9,gauge_relative_weight_write
FNDA:64,_change_type_weight
FNDA:80,add_type
FNDA:5,change_type_weight
FNDA:2,_change_gauge_weight
FNDA:2,change_gauge_weight
FNDA:25,vote_for_gauge_weights
FNDA:4,get_gauge_weight
FNDA:6,get_type_weight
FNDA:4,get_total_weight
FNDA:0,get_weights_sum_per_type
FNDA:42,max
DA:90,498
DA:100,216
DA:101,216
DA:103,216
DA:104,216
DA:105,216
DA:106,216
DA:114,3
DA:115,2
DA:116,2
DA:123,3
DA:124,2
DA:125,2
DA:126,1
DA:127,1
DA:136,16
DA:139,16
DA:149,424
DA:150,424
DA:151,424
DA:152,279
DA:153,279
DA:154,808
DA:155,279
DA:157,529
DA:158,529
DA:159,529
DA:160,50
DA:163,279
DA:165,145
DA:176,441
DA:177,441
DA:178,441
DA:179,212
DA:180,212
DA:181,462
DA:182,212
DA:184,250
DA:185,250
DA:186,250
DA:187,241
DA:188,241
DA:189,241
DA:191,9
DA:192,9
DA:194,250
DA:195,250
DA:196,51
DA:199,212
DA:201,229
DA:211,617
DA:212,617
DA:213,617
DA:215,409
DA:217,617
DA:219,617
DA:220,933
DA:221,617
DA:223,316
DA:224,316
DA:226,617
DA:227,4514
DA:228,617
DA:230,3897
DA:231,3897
DA:233,3897
DA:234,4696
DA:235,3897
DA:237,799
DA:238,799
DA:239,799
DA:241,3897
DA:243,3897
DA:244,617
DA:247,617
DA:257,506
DA:258,506
DA:259,100
DA:260,100
DA:261,383
DA:262,100
DA:264,283
DA:265,283
DA:266,283
DA:267,282
DA:268,282
DA:269,282
DA:271,1
DA:272,1
DA:274,283
DA:275,283
DA:276,43
DA:279,100
DA:281,406
DA:292,82
DA:293,82
DA:294,82
DA:296,81
DA:297,81
DA:298,81
DA:300,81
DA:301,81
DA:303,81
DA:304,42
DA:305,42
DA:306,42
DA:308,42
DA:309,42
DA:310,42
DA:311,42
DA:313,42
DA:315,81
DA:316,37
DA:318,81
DA:320,81
DA:327,5
DA:335,478
DA:336,478
DA:348,3564
DA:349,3564
DA:351,3564
DA:352,160
DA:353,160
DA:354,160
DA:356,160
DA:358,3404
DA:373,3555
DA:374,0
DA:377,3555
DA:383,9
DA:384,0
DA:387,9
DA:388,9
DA:389,9
DA:399,64
DA:400,64
DA:401,64
DA:402,64
DA:404,64
DA:405,64
DA:406,64
DA:407,64
DA:408,64
DA:410,64
DA:419,80
DA:420,80
DA:421,80
DA:422,80
DA:423,80
DA:424,59
DA:425,59
DA:435,5
DA:436,5
DA:442,2
DA:443,2
DA:444,2
DA:445,2
DA:446,2
DA:447,2
DA:449,2
DA:450,2
DA:452,2
DA:453,2
DA:454,2
DA:456,2
DA:457,2
DA:458,2
DA:460,2
DA:469,2
DA:470,2
DA:490,25
DA:491,25
DA:492,25
DA:493,25
DA:494,25
DA:495,25
DA:496,23
DA:497,22
DA:499,20
DA:500,20
DA:502,19
DA:503,19
DA:504,19
DA:505,5
DA:507,19
DA:508,19
DA:513,19
DA:514,19
DA:517,19
DA:518,19
DA:519,19
DA:520,19
DA:525,17
DA:526,17
DA:527,17
DA:528,17
DA:530,17
DA:531,17
DA:532,17
DA:533,4
DA:534,4
DA:536,13
DA:537,13
DA:539,17
DA:541,4
DA:542,4
DA:545,17
DA:546,17
DA:548,17
DA:550,17
DA:553,17
DA:555,17
DA:564,4
DA:573,6
DA:581,4
DA:590,0
DA:594,42
LF:217
LH:214
BRDA:114,1,0,2
BRDA:114,1,1,1
BRDA:123,2,0,2
BRDA:123,2,1,1
BRDA:125,3,0,1
BRDA:125,3,1,1
BRDA:149,4,0,424
BRDA:149,4,1,0
BRDA:151,5,0,279
BRDA:151,5,1,145
BRDA:154,6,0,279
BRDA:154,6,1,529
BRDA:159,7,0,50
BRDA:159,7,1,479
BRDA:176,8,0,441
BRDA:176,8,1,0
BRDA:178,9,0,212
BRDA:178,9,1,229
BRDA:181,10,0,212
BRDA:181,10,1,250
BRDA:186,11,0,241
BRDA:186,11,1,9
BRDA:195,12,0,51
BRDA:195,12,1,199
BRDA:213,13,0,409
BRDA:213,13,1,208
BRDA:220,14,0,617
BRDA:220,14,1,316
BRDA:227,15,0,617
BRDA:227,15,1,3897
BRDA:234,16,0,3897
BRDA:234,16,1,799
BRDA:243,17,0,617
BRDA:243,17,1,3280
BRDA:258,18,0,100
BRDA:258,18,1,406
BRDA:261,19,0,100
BRDA:261,19,1,283
BRDA:266,20,0,282
BRDA:266,20,1,1
BRDA:275,21,0,43
BRDA:275,21,1,240
BRDA:294,22,0,81
BRDA:294,22,1,1
BRDA:303,23,0,42
BRDA:303,23,1,39
BRDA:315,24,0,37
BRDA:315,24,1,44
BRDA:351,25,0,160
BRDA:351,25,1,3404
BRDA:373,26,0,0
BRDA:373,26,1,3555
BRDA:383,27,0,0
BRDA:383,27,1,9
BRDA:423,28,0,59
BRDA:423,28,1,21
BRDA:495,29,0,23
BRDA:495,29,1,2
BRDA:496,30,0,22
BRDA:496,30,1,1
BRDA:497,31,0,20
BRDA:497,31,1,2
BRDA:500,32,0,19
BRDA:500,32,1,1
BRDA:504,33,0,5
BRDA:504,33,1,14
BRDA:520,34,0,17
BRDA:520,34,1,2
BRDA:532,35,0,4
BRDA:532,35,1,13
BRDA:539,36,0,4
BRDA:539,36,1,13
BRF:72
BRH:68
end_of_record
TN:
SF:/Users/mbs/insureDAO/insuredao-dao-contracts/contracts/InsureToken.sol
FN:69,constructor
FN:92,get_rate
FN:96,decimals
FN:100,_update_mining_parameters
FN:122,update_mining_parameters
FN:132,start_epoch_time_write
FN:147,future_epoch_time_write
FN:163,_available_supply
FN:167,available_supply
FN:174,mintable_in_timeframe
FN:219,set_converter
FN:226,set_minter
FN:238,set_admin
FN:249,totalSupply
FN:256,allowance
FN:266,transfer
FN:282,transferFrom
FN:300,approve
FN:316,mint
FN:332,_mint
FN:345,burn
FN:362,set_name
FN:374,emergency_mint
FNF:23
FNH:19
FNDA:417,constructor
FNDA:848,get_rate
FNDA:0,decimals
FNDA:125,_update_mining_parameters
FNDA:74,update_mining_parameters
FNDA:3,start_epoch_time_write
FNDA:848,future_epoch_time_write
FNDA:139,_available_supply
FNDA:59,available_supply
FNDA:4,mintable_in_timeframe
FNDA:0,set_converter
FNDA:46,set_minter
FNDA:2,set_admin
FNDA:86,totalSupply
FNDA:0,allowance
FNDA:2,transfer
FNDA:17,transferFrom
FNDA:18,approve
FNDA:82,mint
FNDA:80,_mint
FNDA:4,burn
FNDA:2,set_name
FNDA:0,emergency_mint
DA:77,417
DA:78,417
DA:79,417
DA:80,417
DA:81,417
DA:82,417
DA:83,417
DA:84,417
DA:86,417
DA:87,417
DA:88,417
DA:89,417
DA:93,848
DA:97,0
DA:105,125
DA:106,125
DA:108,125
DA:109,125
DA:111,125
DA:112,67
DA:114,58
DA:115,58
DA:116,58
DA:118,125
DA:119,125
DA:128,74
DA:129,72
DA:138,3
DA:139,3
DA:140,1
DA:141,1
DA:143,2
DA:154,848
DA:155,848
DA:156,52
DA:157,52
DA:159,796
DA:164,139
DA:171,59
DA:181,4
DA:182,4
DA:183,4
DA:184,4
DA:187,4
DA:188,2
DA:189,2
DA:192,4
DA:194,3
DA:195,4
DA:196,4
DA:197,4
DA:198,1
DA:200,4
DA:201,4
DA:202,0
DA:204,1
DA:206,4
DA:208,4
DA:209,3
DA:212,1
DA:213,1
DA:214,1
DA:216,3
DA:220,0
DA:221,0
DA:223,0
DA:232,46
DA:233,45
DA:234,45
DA:235,45
DA:244,2
DA:245,1
DA:246,1
DA:253,86
DA:263,0
DA:275,2
DA:276,2
DA:277,2
DA:278,2
DA:279,2
DA:290,17
DA:291,17
DA:293,17
DA:294,17
DA:295,17
DA:296,17
DA:297,17
DA:310,18
DA:311,18
DA:312,18
DA:313,18
DA:324,82
DA:325,81
DA:327,80
DA:329,69
DA:333,80
DA:334,0
DA:336,80
DA:338,80
DA:339,69
DA:341,69
DA:342,69
DA:352,4
DA:355,3
DA:356,3
DA:358,3
DA:359,3
DA:369,2
DA:370,1
DA:371,1
DA:381,0
DA:384,0
DA:387,0
DA:388,0
DA:390,0
DA:391,0
DA:392,0
DA:395,0
DA:396,0
DA:400,0
DA:401,0
DA:402,0
DA:406,0
DA:407,0
DA:411,0
DA:412,0
DA:413,0
LF:127
LH:103
BRDA:111,1,0,67
BRDA:111,1,1,58
BRDA:128,2,0,72
BRDA:128,2,1,2
BRDA:139,3,0,1
BRDA:139,3,1,2
BRDA:155,4,0,52
BRDA:155,4,1,796
BRDA:181,5,0,4
BRDA:181,5,1,0
BRDA:187,6,0,2
BRDA:187,6,1,2
BRDA:192,7,0,3
BRDA:192,7,1,1
BRDA:195,8,0,4
BRDA:195,8,1,0
BRDA:197,9,0,1
BRDA:197,9,1,3
BRDA:201,10,0,0
BRDA:201,10,1,4
BRDA:203,11,0,1
BRDA:203,11,1,3
BRDA:208,12,0,3
BRDA:208,12,1,1
BRDA:220,13,0,0
BRDA:220,13,1,0
BRDA:232,14,0,45
BRDA:232,14,1,1
BRDA:233,15,0,45
BRDA:233,15,1,0
BRDA:244,16,0,1
BRDA:244,16,1,1
BRDA:275,17,0,2
BRDA:275,17,1,0
BRDA:290,18,0,17
BRDA:290,18,1,0
BRDA:291,19,0,17
BRDA:291,19,1,0
BRDA:324,20,0,81
BRDA:324,20,1,1
BRDA:325,21,0,80
BRDA:325,21,1,1
BRDA:333,22,0,0
BRDA:333,22,1,80
BRDA:338,23,0,69
BRDA:338,23,1,11
BRDA:352,24,0,3
BRDA:352,24,1,1
BRDA:369,25,0,1
BRDA:369,25,1,1
BRDA:381,26,0,0
BRDA:381,26,1,0
BRDA:388,27,0,0
BRDA:388,27,1,0
BRF:54
BRH:40
end_of_record
TN:
SF:/Users/mbs/insureDAO/insuredao-dao-contracts/contracts/LiquidityGauge.sol
FN:91,constructor
FN:115,_update_liquidity_limit
FN:153,_checkpoint
FN:236,user_checkpoint
FN:248,claimable_tokens
FN:259,kick
FN:278,set_approve_deposit
FN:287,deposit
FN:312,withdraw
FN:331,integrate_checkpoint
FN:335,kill_me
FN:341,commit_transfer_ownership
FN:351,apply_transfer_ownership
FN:362,min
FNF:14
FNH:9
FNDA:498,constructor
FNDA:438,_update_liquidity_limit
FNDA:474,_checkpoint
FNDA:180,user_checkpoint
FNDA:0,claimable_tokens
FNDA:3,kick
FNDA:3,set_approve_deposit
FNDA:161,deposit
FNDA:134,withdraw
FNDA:0,integrate_checkpoint
FNDA:0,kill_me
FNDA:0,commit_transfer_ownership
FNDA:0,apply_transfer_ownership
FNDA:3979,min
DA:99,498
DA:100,498
DA:102,498
DA:103,498
DA:104,498
DA:105,498
DA:106,498
DA:107,498
DA:108,498
DA:109,498
DA:110,498
DA:111,498
DA:112,498
DA:125,438
DA:126,438
DA:128,438
DA:129,438
DA:130,3
DA:133,438
DA:134,438
DA:135,438
DA:136,438
DA:137,438
DA:139,438
DA:165,474
DA:167,474
DA:168,474
DA:169,474
DA:170,474
DA:171,474
DA:172,474
DA:173,474
DA:174,350
DA:175,350
DA:176,350
DA:178,474
DA:180,474
DA:181,474
DA:183,474
DA:184,0
DA:188,474
DA:189,472
DA:190,472
DA:192,472
DA:193,3541
DA:194,3541
DA:196,3541
DA:197,3310
DA:203,47
DA:204,47
DA:205,47
DA:207,3263
DA:216,3541
DA:217,472
DA:219,3069
DA:220,3069
DA:224,474
DA:225,474
DA:226,474
DA:227,474
DA:231,474
DA:232,474
DA:233,474
DA:242,180
DA:243,179
DA:244,179
DA:245,179
DA:254,0
DA:255,0
DA:265,3
DA:266,3
DA:269,3
DA:271,3
DA:272,2
DA:274,1
DA:275,1
DA:284,3
DA:293,161
DA:294,2
DA:297,160
DA:299,160
DA:300,159
DA:301,159
DA:302,159
DA:303,159
DA:305,159
DA:307,159
DA:309,159
DA:317,134
DA:319,134
DA:320,99
DA:321,99
DA:322,99
DA:324,99
DA:326,99
DA:328,99
DA:332,0
DA:336,0
DA:337,0
DA:346,0
DA:347,0
DA:348,0
DA:355,0
DA:356,0
DA:357,0
DA:358,0
DA:359,0
DA:363,3979
LF:108
LH:94
BRDA:129,1,0,3
BRDA:129,1,1,435
BRDA:173,2,0,350
BRDA:173,2,1,124
BRDA:183,3,0,0
BRDA:183,3,1,474
BRDA:188,4,0,472
BRDA:188,4,1,2
BRDA:196,5,0,3310
BRDA:196,5,1,231
BRDA:197,6,0,47
BRDA:197,6,1,3263
BRDA:216,7,0,472
BRDA:216,7,1,3069
BRDA:242,8,0,179
BRDA:242,8,1,1
BRDA:271,9,0,2
BRDA:271,9,1,1
BRDA:272,10,0,1
BRDA:272,10,1,1
BRDA:293,11,0,2
BRDA:293,11,1,159
BRDA:294,12,0,1
BRDA:294,12,1,1
BRDA:299,13,0,159
BRDA:299,13,1,1
BRDA:326,14,0,99
BRDA:326,14,1,0
BRDA:346,15,0,0
BRDA:346,15,1,0
BRDA:355,16,0,0
BRDA:355,16,1,0
BRDA:357,17,0,0
BRDA:357,17,1,0
BRF:34
BRH:26
end_of_record
TN:
SF:/Users/mbs/insureDAO/insuredao-dao-contracts/contracts/Minter.sol
FN:41,constructor
FN:47,get_controller
FN:51,_mint_for
FN:66,mint
FN:75,mint_many
FN:90,mint_for
FN:103,toggle_approve_mint
FN:115,emergency_mint
FNF:8
FNH:4
FNDA:216,constructor
FNDA:498,get_controller
FNDA:14,_mint_for
FNDA:14,mint
FNDA:0,mint_many
FNDA:0,mint_for
FNDA:0,toggle_approve_mint
FNDA:0,emergency_mint
DA:42,216
DA:43,216
DA:44,216
DA:48,498
DA:52,14
DA:54,13
DA:55,13
DA:56,13
DA:58,13
DA:59,8
DA:60,8
DA:62,8
DA:72,14
DA:82,0
DA:83,0
DA:84,0
DA:86,0
DA:98,0
DA:99,0
DA:109,0
DA:122,0
DA:125,0
LF:22
LH:13
BRDA:52,1,0,13
BRDA:52,1,1,1
BRDA:58,2,0,8
BRDA:58,2,1,5
BRDA:83,3,0,0
BRDA:83,3,1,0
BRDA:98,4,0,0
BRDA:98,4,1,0
BRDA:122,5,0,0
BRDA:122,5,1,0
BRF:10
BRH:4
end_of_record
TN:
SF:/Users/mbs/insureDAO/insuredao-dao-contracts/contracts/PoolProxy.sol
FN:71,constructor
FN:82,add_distributor
FN:98,_set_distributor
FN:113,set_distributor
FN:128,_set_distributor_weight
FN:140,set_distributor_weight
FN:148,set_distributor_weight_many
FN:159,get_distributor_name
FN:163,get_distributor_address
FN:168,withdraw_admin_fee
FN:210,distribute
FN:233,distribute_many
FN:256,set_distributor_kill
FN:268,commit_set_admins
FN:283,apply_set_admins
FN:301,commit_set_reporting_admin
FN:314,apply_set_reporting_admin
FN:330,commit_transfer_ownership_vault
FN:340,apply_transfer_ownership_vault
FN:349,set_controller
FN:359,set_min
FN:372,commit_transfer_ownership_parameters
FN:381,apply_transfer_ownership_parameters
FN:388,set_vault
FN:394,set_lockup
FN:400,set_grace
FN:406,set_mindate
FN:412,set_premium2
FN:418,set_fee2
FN:424,set_withdrawable
FN:430,set_premium_model
FN:436,set_fee_model
FN:442,set_condition_parameters
FN:450,set_registry
FN:455,commit_transfer_ownership_registry
FN:460,apply_transfer_ownership_registry
FN:467,support_market
FN:472,set_cds
FN:479,commit_transfer_ownership_factory
FN:484,apply_transfer_ownership_factory
FN:491,approve_reference
FN:498,approve_template
FN:505,set_condition_factory
FN:514,set_paused
FN:523,change_metadata
FN:528,apply_cover
FN:541,
FNF:47
FNH:13
FNDA:90,constructor
FNDA:23,add_distributor
FNDA:5,_set_distributor
FNDA:6,set_distributor
FNDA:17,_set_distributor_weight
FNDA:14,set_distributor_weight
FNDA:2,set_distributor_weight_many
FNDA:2,get_distributor_name
FNDA:2,get_distributor_address
FNDA:5,withdraw_admin_fee
FNDA:2,distribute
FNDA:0,distribute_many
FNDA:8,set_distributor_kill
FNDA:0,commit_set_admins
FNDA:0,apply_set_admins
FNDA:0,commit_set_reporting_admin
FNDA:0,apply_set_reporting_admin
FNDA:0,commit_transfer_ownership_vault
FNDA:0,apply_transfer_ownership_vault
FNDA:0,set_controller
FNDA:0,set_min
FNDA:0,commit_transfer_ownership_parameters
FNDA:0,apply_transfer_ownership_parameters
FNDA:0,set_vault
FNDA:0,set_lockup
FNDA:0,set_grace
FNDA:0,set_mindate
FNDA:0,set_premium2
FNDA:0,set_fee2
FNDA:0,set_withdrawable
FNDA:0,set_premium_model
FNDA:0,set_fee_model
FNDA:0,set_condition_parameters
FNDA:10,set_registry
FNDA:0,commit_transfer_ownership_registry
FNDA:0,apply_transfer_ownership_registry
FNDA:0,support_market
FNDA:0,set_cds
FNDA:0,commit_transfer_ownership_factory
FNDA:0,apply_transfer_ownership_factory
FNDA:0,approve_reference
FNDA:0,approve_template
FNDA:0,set_condition_factory
FNDA:0,set_paused
FNDA:0,change_metadata
FNDA:0,apply_cover
FNDA:0,
DA:76,90
DA:77,90
DA:78,90
DA:86,23
DA:87,22
DA:90,21
DA:91,21
DA:92,21
DA:93,21
DA:103,5
DA:106,4
DA:107,2
DA:110,4
DA:121,6
DA:123,5
DA:125,5
DA:129,17
DA:130,16
DA:132,15
DA:133,15
DA:136,15
DA:137,15
DA:141,14
DA:143,13
DA:145,11
DA:149,2
DA:151,1
DA:152,3
DA:153,1
DA:155,2
DA:160,2
DA:164,2
DA:174,5
DA:176,4
DA:177,4
DA:179,4
DA:181,4
DA:182,10
DA:184,10
DA:185,10
DA:216,2
DA:217,2
DA:218,1
DA:220,0
DA:221,0
DA:222,0
DA:223,0
DA:224,0
DA:225,0
DA:227,0
DA:228,0
DA:239,0
DA:240,0
DA:242,0
DA:243,0
DA:244,0
DA:246,0
DA:248,0
DA:249,0
DA:250,0
DA:251,0
DA:252,0
DA:261,8
DA:262,7
DA:275,0
DA:277,0
DA:278,0
DA:279,0
DA:281,0
DA:287,0
DA:289,0
DA:290,0
DA:291,0
DA:293,0
DA:294,0
DA:295,0
DA:297,0
DA:307,0
DA:309,0
DA:311,0
DA:318,0
DA:319,0
DA:320,0
DA:322,0
DA:324,0
DA:335,0
DA:336,0
DA:346,0
DA:354,0
DA:356,0
DA:365,0
DA:367,0
DA:377,0
DA:378,0
DA:385,0
DA:389,0
DA:391,0
DA:395,0
DA:397,0
DA:401,0
DA:403,0
DA:407,0
DA:409,0
DA:413,0
DA:415,0
DA:419,0
DA:421,0
DA:425,0
DA:427,0
DA:431,0
DA:433,0
DA:437,0
DA:439,0
DA:443,0
DA:445,0
DA:451,10
DA:452,10
DA:456,0
DA:457,0
DA:464,0
DA:468,0
DA:469,0
DA:473,0
DA:474,0
DA:480,0
DA:481,0
DA:488,0
DA:492,0
DA:493,0
DA:495,0
DA:499,0
DA:500,0
DA:502,0
DA:506,0
DA:507,0
DA:509,0
DA:519,0
DA:520,0
DA:524,0
DA:525,0
DA:536,0
DA:538,0
LF:142
LH:47
BRDA:86,1,0,22
BRDA:86,1,1,1
BRDA:87,2,0,21
BRDA:87,2,1,1
BRDA:103,3,0,4
BRDA:103,3,1,1
BRDA:106,4,0,2
BRDA:106,4,1,2
BRDA:121,5,0,5
BRDA:121,5,1,1
BRDA:129,6,0,16
BRDA:129,6,1,1
BRDA:130,7,0,15
BRDA:130,7,1,1
BRDA:141,8,0,13
BRDA:141,8,1,1
BRDA:149,9,0,1
BRDA:149,9,1,1
BRDA:152,10,0,1
BRDA:152,10,1,2
BRDA:174,11,0,4
BRDA:174,11,1,1
BRDA:179,12,0,4
BRDA:179,12,1,0
BRDA:217,13,0,1
BRDA:217,13,1,1
BRDA:218,14,0,0
BRDA:218,14,1,1
BRDA:225,15,0,0
BRDA:225,15,1,0
BRDA:227,16,0,0
BRDA:227,16,1,0
BRDA:240,17,0,0
BRDA:240,17,1,0
BRDA:243,18,0,0
BRDA:243,18,1,0
BRDA:246,19,0,0
BRDA:246,19,1,0
BRDA:252,20,0,0
BRDA:252,20,1,0
BRDA:261,21,0,7
BRDA:261,21,1,1
BRDA:275,22,0,0
BRDA:275,22,1,0
BRDA:287,23,0,0
BRDA:287,23,1,0
BRDA:307,24,0,0
BRDA:307,24,1,0
BRDA:318,25,0,0
BRDA:318,25,1,0
BRDA:319,26,0,0
BRDA:319,26,1,0
BRDA:335,27,0,0
BRDA:335,27,1,0
BRDA:354,28,0,0
BRDA:354,28,1,0
BRDA:365,29,0,0
BRDA:365,29,1,0
BRDA:377,30,0,0
BRDA:377,30,1,0
BRDA:389,31,0,0
BRDA:389,31,1,0
BRDA:395,32,0,0
BRDA:395,32,1,0
BRDA:401,33,0,0
BRDA:401,33,1,0
BRDA:407,34,0,0
BRDA:407,34,1,0
BRDA:413,35,0,0
BRDA:413,35,1,0
BRDA:419,36,0,0
BRDA:419,36,1,0
BRDA:425,37,0,0
BRDA:425,37,1,0
BRDA:431,38,0,0
BRDA:431,38,1,0
BRDA:437,39,0,0
BRDA:437,39,1,0
BRDA:443,40,0,0
BRDA:443,40,1,0
BRDA:451,41,0,10
BRDA:451,41,1,0
BRDA:456,42,0,0
BRDA:456,42,1,0
BRDA:468,43,0,0
BRDA:468,43,1,0
BRDA:473,44,0,0
BRDA:473,44,1,0
BRDA:480,45,0,0
BRDA:480,45,1,0
BRDA:492,46,0,0
BRDA:492,46,1,0
BRDA:499,47,0,0
BRDA:499,47,1,0
BRDA:506,48,0,0
BRDA:506,48,1,0
BRDA:519,49,0,0
BRDA:519,49,1,0
BRDA:524,50,0,0
BRDA:524,50,1,0
BRDA:536,51,0,0
BRDA:536,51,1,0
BRF:102
BRH:29
end_of_record
TN:
SF:/Users/mbs/insureDAO/insuredao-dao-contracts/contracts/VestingEscrow.sol
FN:47,constructor
FN:86,add_tokens
FN:97,fund
FN:126,toggle_disable
FN:148,disable_can_disable
FN:158,disable_fund_admins
FN:166,_total_vested_of
FN:179,_total_vested
FN:191,vestedSupply
FN:199,lockedSupply
FN:207,vestedOf
FN:215,balanceOf
FN:223,lockedOf
FN:231,claim
FN:250,commit_transfer_ownership
FN:264,apply_transfer_ownership
FN:277,min
FNF:17
FNH:17
FNDA:117,constructor
FNDA:34,add_tokens
FNDA:44,fund
FNDA:13,toggle_disable
FNDA:4,disable_can_disable
FNDA:1,disable_fund_admins
FNDA:29,_total_vested_of
FNDA:4,_total_vested
FNDA:2,vestedSupply
FNDA:2,lockedSupply
FNDA:2,vestedOf
FNDA:3,balanceOf
FNDA:2,lockedOf
FNDA:22,claim
FNDA:3,commit_transfer_ownership
FNDA:3,apply_transfer_ownership
FNDA:26,min
DA:62,117
DA:63,117
DA:65,117
DA:66,117
DA:67,117
DA:68,117
DA:69,117
DA:71,117
DA:72,117
DA:73,468
DA:74,468
DA:75,468
DA:76,468
DA:77,117
DA:78,117
DA:92,34
DA:93,34
DA:94,34
DA:103,44
DA:104,11
DA:105,5
DA:108,37
DA:109,37
DA:110,155
DA:111,155
DA:112,155
DA:113,37
DA:115,118
DA:116,118
DA:117,118
DA:120,37
DA:121,37
DA:134,13
DA:135,12
DA:137,11
DA:138,11
DA:139,8
DA:141,3
DA:144,11
DA:152,4
DA:153,3
DA:162,1
DA:163,1
DA:170,29
DA:171,29
DA:172,29
DA:173,29
DA:174,5
DA:176,24
DA:180,4
DA:181,4
DA:182,4
DA:184,4
DA:185,2
DA:187,2
DA:196,2
DA:204,2
DA:212,2
DA:220,3
DA:228,2
DA:236,22
DA:237,22
DA:238,17
DA:240,22
DA:242,22
DA:243,22
DA:245,22
DA:255,3
DA:256,2
DA:257,2
DA:259,2
DA:268,3
DA:269,2
DA:270,2
DA:271,1
DA:272,1
DA:274,1
DA:278,26
LF:78
LH:78
BRDA:74,1,0,468
BRDA:74,1,1,0
BRDA:76,2,0,117
BRDA:76,2,1,351
BRDA:92,3,0,34
BRDA:92,3,1,0
BRDA:93,4,0,34
BRDA:93,4,1,0
BRDA:103,5,0,11
BRDA:103,5,1,33
BRDA:104,6,0,5
BRDA:104,6,1,6
BRDA:105,7,0,4
BRDA:105,7,1,1
BRDA:112,8,0,37
BRDA:112,8,1,118
BRDA:134,9,0,12
BRDA:134,9,1,1
BRDA:135,10,0,11
BRDA:135,10,1,1
BRDA:138,11,0,8
BRDA:138,11,1,3
BRDA:152,12,0,3
BRDA:152,12,1,1
BRDA:162,13,0,1
BRDA:162,13,1,0
BRDA:173,14,0,5
BRDA:173,14,1,24
BRDA:184,15,0,2
BRDA:184,15,1,2
BRDA:237,16,0,17
BRDA:237,16,1,5
BRDA:255,17,0,2
BRDA:255,17,1,1
BRDA:268,18,0,2
BRDA:268,18,1,1
BRDA:270,19,0,1
BRDA:270,19,1,1
BRF:38
BRH:34
end_of_record
TN:
SF:/Users/mbs/insureDAO/insuredao-dao-contracts/contracts/VestingEscrowFactory.sol
FN:29,constructor
FN:40,deploy_vesting_contract
FN:87,_createClone
FN:110,commit_transfer_ownership
FN:122,apply_transfer_ownership
FNF:5
FNH:5
FNDA:96,constructor
FNDA:26,deploy_vesting_contract
FNDA:22,_createClone
FNDA:3,commit_transfer_ownership
FNDA:3,apply_transfer_ownership
DA:36,96
DA:37,96
DA:61,26
DA:62,25
DA:63,24
DA:64,23
DA:66,22
DA:67,0
DA:70,22
DA:72,22
DA:73,22
DA:82,22
DA:83,22
DA:89,22
DA:90,22
DA:115,3
DA:116,2
DA:117,2
DA:119,2
DA:126,3
DA:127,2
DA:128,2
DA:129,1
DA:130,1
DA:132,1
LF:25
LH:24
BRDA:61,1,0,25
BRDA:61,1,1,1
BRDA:62,2,0,24
BRDA:62,2,1,1
BRDA:63,3,0,23
BRDA:63,3,1,1
BRDA:64,4,0,22
BRDA:64,4,1,1
BRDA:66,5,0,0
BRDA:66,5,1,22
BRDA:72,6,0,22
BRDA:72,6,1,0
BRDA:115,7,0,2
BRDA:115,7,1,1
BRDA:126,8,0,2
BRDA:126,8,1,1
BRDA:128,9,0,1
BRDA:128,9,1,1
BRF:18
BRH:16
end_of_record
TN:
SF:/Users/mbs/insureDAO/insuredao-dao-contracts/contracts/VestingEscrowSimple.sol
FN:21,min
FN:50,constructor
FN:60,initialize
FN:93,toggle_disable
FN:114,disable_can_disable
FN:122,_total_vested_of
FN:132,_total_vested
FN:142,vestedSupply
FN:150,lockedSupply
FN:158,vestedOf
FN:166,balanceOf
FN:174,lockedOf
FN:183,claim
FN:199,commit_transfer_ownership
FN:211,apply_transfer_ownership
FNF:15
FNH:8
FNDA:19,min
FNDA:96,constructor
FNDA:24,initialize
FNDA:8,toggle_disable
FNDA:0,disable_can_disable
FNDA:21,_total_vested_of
FNDA:0,_total_vested
FNDA:0,vestedSupply
FNDA:0,lockedSupply
FNDA:0,vestedOf
FNDA:0,balanceOf
FNDA:0,lockedOf
FNDA:21,claim
FNDA:3,commit_transfer_ownership
FNDA:3,apply_transfer_ownership
DA:22,19
DA:75,24
DA:77,23
DA:78,23
DA:79,23
DA:80,23
DA:81,23
DA:83,23
DA:85,22
DA:86,22
DA:87,22
DA:89,22
DA:90,22
DA:101,8
DA:102,8
DA:104,8
DA:105,8
DA:106,6
DA:108,2
DA:111,8
DA:118,0
DA:119,0
DA:123,21
DA:124,21
DA:125,21
DA:126,21
DA:127,2
DA:129,19
DA:133,0
DA:134,0
DA:135,0
DA:136,0
DA:137,0
DA:139,0
DA:147,0
DA:155,0
DA:163,0
DA:171,0
DA:179,0
DA:188,21
DA:189,21
DA:190,16
DA:192,21
DA:193,21
DA:194,21
DA:196,21
DA:204,3
DA:205,2
DA:206,2
DA:208,2
DA:215,3
DA:216,2
DA:217,2
DA:218,1
DA:219,1
DA:221,1
LF:56
LH:43
BRDA:75,1,0,23
BRDA:75,1,1,1
BRDA:83,2,0,22
BRDA:83,2,1,1
BRDA:101,3,0,8
BRDA:101,3,1,0
BRDA:102,4,0,8
BRDA:102,4,1,0
BRDA:105,5,0,6
BRDA:105,5,1,2
BRDA:118,6,0,0
BRDA:118,6,1,0
BRDA:126,7,0,2
BRDA:126,7,1,19
BRDA:136,8,0,0
BRDA:136,8,1,0
BRDA:189,9,0,16
BRDA:189,9,1,5
BRDA:215,10,0,2
BRDA:215,10,1,1
BRDA:217,11,0,1
BRDA:217,11,1,1
BRF:22
BRH:16
end_of_record
TN:
SF:/Users/mbs/insureDAO/insuredao-dao-contracts/contracts/VotingEscrow.sol
FN:109,constructor
FN:133,commit_transfer_ownership
FN:143,apply_transfer_ownership
FN:154,commit_smart_wallet_checker
FN:163,apply_smart_wallet_checker
FN:171,assert_not_contract
FN:187,get_last_user_slope
FN:197,user_point_history__ts
FN:207,locked__end
FN:216,_checkpoint
FN:350,_deposit_for
FN:386,checkpoint
FN:395,deposit_for
FN:412,create_lock
FN:431,increase_amount
FN:447,increase_unlock_time
FN:464,withdraw
FN:496,find_block_epoch
FN:520,balanceOf
FN:555,balanceOfAt
FN:612,supply_at
FN:645,totalSupply
FN:662,totalSupplyAt
FN:692,changeController
FN:700,get_user_point_epoch
FNF:25
FNH:14
FNDA:231,constructor
FNDA:3,commit_transfer_ownership
FNDA:3,apply_transfer_ownership
FNDA:0,commit_smart_wallet_checker
FNDA:0,apply_smart_wallet_checker
FNDA:17,assert_not_contract
FNDA:25,get_last_user_slope
FNDA:3,user_point_history__ts
FNDA:25,locked__end
FNDA:17,_checkpoint
FNDA:17,_deposit_for
FNDA:0,checkpoint
FNDA:0,deposit_for
FNDA:17,create_lock
FNDA:0,increase_amount
FNDA:0,increase_unlock_time
FNDA:0,withdraw
FNDA:0,find_block_epoch
FNDA:445,balanceOf
FNDA:0,balanceOfAt
FNDA:438,supply_at
FNDA:438,totalSupply
FNDA:0,totalSupplyAt
FNDA:0,changeController
FNDA:3,get_user_point_epoch
DA:117,231
DA:118,231
DA:119,231
DA:120,231
DA:121,231
DA:122,231
DA:124,231
DA:125,231
DA:126,231
DA:128,231
DA:129,231
DA:130,231
DA:138,3
DA:139,2
DA:140,2
DA:147,3
DA:148,2
DA:149,2
DA:150,1
DA:151,1
DA:159,0
DA:160,0
DA:167,0
DA:168,0
DA:176,17
DA:177,0
DA:178,0
DA:179,0
DA:180,0
DA:183,0
DA:193,25
DA:194,25
DA:204,3
DA:213,25
DA:223,17
DA:224,17
DA:225,17
DA:226,17
DA:227,17
DA:229,17
DA:232,17
DA:233,0
DA:234,0
DA:236,17
DA:237,17
DA:238,17
DA:244,17
DA:245,17
DA:246,17
DA:247,0
DA:249,17
DA:253,17
DA:254,17
DA:255,0
DA:257,17
DA:261,17
DA:262,17
DA:263,17
DA:264,0
DA:270,17
DA:271,17
DA:274,17
DA:275,17
DA:276,17
DA:277,17
DA:279,0
DA:281,17
DA:282,17
DA:283,17
DA:284,0
DA:286,17
DA:287,0
DA:289,17
DA:290,17
DA:291,17
DA:292,17
DA:293,17
DA:294,17
DA:295,17
DA:297,0
DA:300,17
DA:303,17
DA:306,17
DA:307,17
DA:308,17
DA:309,0
DA:311,17
DA:312,0
DA:316,17
DA:318,17
DA:320,17
DA:324,17
DA:326,0
DA:327,0
DA:328,0
DA:330,0
DA:332,17
DA:333,17
DA:334,17
DA:335,17
DA:341,17
DA:343,17
DA:344,17
DA:345,17
DA:346,17
DA:358,17
DA:359,17
DA:361,17
DA:362,17
DA:364,17
DA:365,17
DA:366,17
DA:368,17
DA:375,17
DA:377,17
DA:378,17
DA:381,17
DA:382,17
DA:390,0
DA:391,0
DA:392,0
DA:403,0
DA:405,0
DA:406,0
DA:407,0
DA:409,0
DA:419,17
DA:420,17
DA:421,17
DA:423,17
DA:424,17
DA:425,17
DA:426,17
DA:428,17
DA:437,0
DA:438,0
DA:440,0
DA:441,0
DA:442,0
DA:444,0
DA:452,0
DA:453,0
DA:454,0
DA:456,0
DA:457,0
DA:458,0
DA:459,0
DA:461,0
DA:469,0
DA:470,0
DA:471,0
DA:473,0
DA:474,0
DA:475,0
DA:476,0
DA:477,0
DA:478,0
DA:483,0
DA:485,0
DA:487,0
DA:488,0
DA:504,0
DA:505,0
DA:506,0
DA:507,0
DA:508,0
DA:510,0
DA:511,0
DA:512,0
DA:514,0
DA:517,0
DA:529,445
DA:530,0
DA:533,445
DA:534,445
DA:535,435
DA:537,10
DA:538,10
DA:539,10
DA:540,6
DA:542,10
DA:565,0
DA:567,0
DA:570,0
DA:571,0
DA:572,0
DA:573,0
DA:574,0
DA:576,0
DA:577,0
DA:578,0
DA:580,0
DA:584,0
DA:586,0
DA:587,0
DA:588,0
DA:589,0
DA:590,0
DA:591,0
DA:592,0
DA:593,0
DA:594,0
DA:596,0
DA:597,0
DA:599,0
DA:600,0
DA:601,0
DA:604,0
DA:605,0
DA:606,0
DA:608,0
DA:619,438
DA:620,438
DA:621,438
DA:622,47276
DA:623,47276
DA:625,47276
DA:626,392
DA:628,46884
DA:630,47276
DA:632,47276
DA:633,392
DA:635,46884
DA:636,46884
DA:639,438
DA:640,0
DA:642,438
DA:651,438
DA:652,0
DA:655,438
DA:656,438
DA:658,438
DA:668,0
DA:669,0
DA:670,0
DA:672,0
DA:673,0
DA:674,0
DA:675,0
DA:676,0
DA:677,0
DA:680,0
DA:681,0
DA:687,0
DA:696,0
DA:697,0
DA:701,3
LF:247
LH:131
BRDA:138,1,0,2
BRDA:138,1,1,1
BRDA:147,2,0,2
BRDA:147,2,1,1
BRDA:149,3,0,1
BRDA:149,3,1,1
BRDA:176,4,0,0
BRDA:176,4,1,17
BRDA:178,5,0,0
BRDA:178,5,1,0
BRDA:179,6,0,0
BRDA:179,6,1,0
BRDA:229,7,0,17
BRDA:229,7,1,0
BRDA:232,8,0,0
BRDA:232,8,1,17
BRDA:236,9,0,17
BRDA:236,9,1,0
BRDA:245,10,0,17
BRDA:245,10,1,0
BRDA:246,11,0,0
BRDA:246,11,1,17
BRDA:254,12,0,0
BRDA:254,12,1,17
BRDA:263,13,0,0
BRDA:263,13,1,17
BRDA:276,14,0,17
BRDA:276,14,1,0
BRDA:283,15,0,0
BRDA:283,15,1,17
BRDA:286,16,0,0
BRDA:286,16,1,17
BRDA:293,17,0,17
BRDA:293,17,1,0
BRDA:303,18,0,17
BRDA:303,18,1,0
BRDA:308,19,0,0
BRDA:308,19,1,17
BRDA:311,20,0,0
BRDA:311,20,1,17
BRDA:320,21,0,17
BRDA:320,21,1,0
BRDA:324,22,0,0
BRDA:324,22,1,17
BRDA:327,23,0,0
BRDA:327,23,1,0
BRDA:332,24,0,17
BRDA:332,24,1,0
BRDA:333,25,0,17
BRDA:333,25,1,0
BRDA:365,26,0,17
BRDA:365,26,1,0
BRDA:377,27,0,17
BRDA:377,27,1,0
BRDA:405,28,0,0
BRDA:405,28,1,0
BRDA:406,29,0,0
BRDA:406,29,1,0
BRDA:407,30,0,0
BRDA:407,30,1,0
BRDA:424,31,0,17
BRDA:424,31,1,0
BRDA:425,32,0,17
BRDA:425,32,1,0
BRDA:426,33,0,17
BRDA:426,33,1,0
BRDA:441,34,0,0
BRDA:441,34,1,0
BRDA:442,35,0,0
BRDA:442,35,1,0
BRDA:456,36,0,0
BRDA:456,36,1,0
BRDA:457,37,0,0
BRDA:457,37,1,0
BRDA:458,38,0,0
BRDA:458,38,1,0
BRDA:459,39,0,0
BRDA:459,39,1,0
BRDA:470,40,0,0
BRDA:470,40,1,0
BRDA:507,41,0,0
BRDA:507,41,1,0
BRDA:511,42,0,0
BRDA:511,42,1,0
BRDA:529,43,0,0
BRDA:529,43,1,445
BRDA:534,44,0,435
BRDA:534,44,1,10
BRDA:539,45,0,6
BRDA:539,45,1,4
BRDA:573,46,0,0
BRDA:573,46,1,0
BRDA:577,47,0,0
BRDA:577,47,1,0
BRDA:591,48,0,0
BRDA:591,48,1,0
BRDA:600,49,0,0
BRDA:600,49,1,0
BRDA:605,50,0,0
BRDA:605,50,1,0
BRDA:625,51,0,392
BRDA:625,51,1,46884
BRDA:632,52,0,392
BRDA:632,52,1,46884
BRDA:639,53,0,0
BRDA:639,53,1,438
BRDA:651,54,0,0
BRDA:651,54,1,438
BRDA:674,55,0,0
BRDA:674,55,1,0
BRDA:676,56,0,0
BRDA:676,56,1,0
BRDA:680,57,0,0
BRDA:680,57,1,0
BRF:114
BRH:41
end_of_record
